
*** Running vivado
    with args -log design_1_ilmb_v10_1.vds -m64 -product Vivado -mode batch -messageDb vivado.pb -notrace -source design_1_ilmb_v10_1.tcl


****** Vivado v2016.3 (64-bit)
  **** SW Build 1682563 on Mon Oct 10 19:07:27 MDT 2016
  **** IP Build 1681267 on Mon Oct 10 21:28:31 MDT 2016
    ** Copyright 1986-2016 Xilinx, Inc. All Rights Reserved.

source design_1_ilmb_v10_1.tcl -notrace
Starting RTL Elaboration : Time (s): cpu = 00:00:02 ; elapsed = 00:00:16 . Memory (MB): peak = 340.648 ; gain = 126.668
INFO: [Synth 8-638] synthesizing module 'design_1_ilmb_v10_1' [h:/project_3/project_3.srcs/sources_1/bd/design_1/ip/design_1_ilmb_v10_1/synth/design_1_ilmb_v10_1.vhd:89]
INFO: [Synth 8-638] synthesizing module 'lmb_v10' [h:/project_3/project_3.srcs/sources_1/bd/design_1/ipshared/162e/hdl/lmb_v10_v3_0_vh_rfs.vhd:140]
INFO: [Synth 8-638] synthesizing module 'FDS' [C:/Xilinx/Vivado/2016.3/scripts/rt/data/unisim_comp.v:4087]
INFO: [Synth 8-256] done synthesizing module 'FDS' (1#1) [C:/Xilinx/Vivado/2016.3/scripts/rt/data/unisim_comp.v:4087]
INFO: [Synth 8-256] done synthesizing module 'lmb_v10' (2#1) [h:/project_3/project_3.srcs/sources_1/bd/design_1/ipshared/162e/hdl/lmb_v10_v3_0_vh_rfs.vhd:140]
INFO: [Synth 8-256] done synthesizing module 'design_1_ilmb_v10_1' (3#1) [h:/project_3/project_3.srcs/sources_1/bd/design_1/ip/design_1_ilmb_v10_1/synth/design_1_ilmb_v10_1.vhd:89]
Finished RTL Elaboration : Time (s): cpu = 00:00:03 ; elapsed = 00:00:17 . Memory (MB): peak = 377.934 ; gain = 163.953
Finished RTL Optimization Phase 1 : Time (s): cpu = 00:00:03 ; elapsed = 00:00:17 . Memory (MB): peak = 377.934 ; gain = 163.953
INFO: [Device 21-403] Loading part xc7a100tcsg324-1
Constraint Validation Runtime : Time (s): cpu = 00:00:00 ; elapsed = 00:00:00.031 . Memory (MB): peak = 595.445 ; gain = 0.000
Finished Constraint Validation : Time (s): cpu = 00:00:06 ; elapsed = 00:00:27 . Memory (MB): peak = 595.445 ; gain = 381.465
Finished Loading Part and Timing Information : Time (s): cpu = 00:00:06 ; elapsed = 00:00:27 . Memory (MB): peak = 595.445 ; gain = 381.465
Finished applying 'set_property' XDC Constraints : Time (s): cpu = 00:00:06 ; elapsed = 00:00:27 . Memory (MB): peak = 595.445 ; gain = 381.465
Finished RTL Optimization Phase 2 : Time (s): cpu = 00:00:06 ; elapsed = 00:00:28 . Memory (MB): peak = 595.445 ; gain = 381.465
Finished Cross Boundary and Area Optimization : Time (s): cpu = 00:00:06 ; elapsed = 00:00:28 . Memory (MB): peak = 595.445 ; gain = 381.465
Finished Applying XDC Timing Constraints : Time (s): cpu = 00:00:11 ; elapsed = 00:00:37 . Memory (MB): peak = 617.324 ; gain = 403.344
Finished Timing Optimization : Time (s): cpu = 00:00:11 ; elapsed = 00:00:37 . Memory (MB): peak = 617.324 ; gain = 403.344
Finished Technology Mapping : Time (s): cpu = 00:00:11 ; elapsed = 00:00:37 . Memory (MB): peak = 627.008 ; gain = 413.027
Finished IO Insertion : Time (s): cpu = 00:00:12 ; elapsed = 00:00:37 . Memory (MB): peak = 627.008 ; gain = 413.027
Finished Renaming Generated Instances : Time (s): cpu = 00:00:12 ; elapsed = 00:00:37 . Memory (MB): peak = 627.008 ; gain = 413.027
Finished Rebuilding User Hierarchy : Time (s): cpu = 00:00:12 ; elapsed = 00:00:37 . Memory (MB): peak = 627.008 ; gain = 413.027
Finished Renaming Generated Ports : Time (s): cpu = 00:00:12 ; elapsed = 00:00:37 . Memory (MB): peak = 627.008 ; gain = 413.027
Finished Handling Custom Attributes : Time (s): cpu = 00:00:12 ; elapsed = 00:00:37 . Memory (MB): peak = 627.008 ; gain = 413.027
Finished Renaming Generated Nets : Time (s): cpu = 00:00:12 ; elapsed = 00:00:37 . Memory (MB): peak = 627.008 ; gain = 413.027

Report Cell Usage: 
+------+-----+------+
|      |Cell |Count |
+------+-----+------+
|1     |FDS  |     1|
+------+-----+------+
Finished Writing Synthesis Report : Time (s): cpu = 00:00:12 ; elapsed = 00:00:37 . Memory (MB): peak = 627.008 ; gain = 413.027
synth_design: Time (s): cpu = 00:00:12 ; elapsed = 00:00:27 . Memory (MB): peak = 653.164 ; gain = 390.637
