
*** Running vivado
    with args -log design_1_clk_wiz_0_0.vds -m64 -product Vivado -mode batch -messageDb vivado.pb -notrace -source design_1_clk_wiz_0_0.tcl


****** Vivado v2016.3 (64-bit)
  **** SW Build 1682563 on Mon Oct 10 19:07:27 MDT 2016
  **** IP Build 1681267 on Mon Oct 10 21:28:31 MDT 2016
    ** Copyright 1986-2016 Xilinx, Inc. All Rights Reserved.

source design_1_clk_wiz_0_0.tcl -notrace
Starting RTL Elaboration : Time (s): cpu = 00:00:03 ; elapsed = 00:00:18 . Memory (MB): peak = 342.809 ; gain = 129.598
INFO: [Synth 8-638] synthesizing module 'design_1_clk_wiz_0_0' [h:/project_3/project_3.srcs/sources_1/bd/design_1/ip/design_1_clk_wiz_0_0/design_1_clk_wiz_0_0.v:70]
INFO: [Synth 8-638] synthesizing module 'design_1_clk_wiz_0_0_clk_wiz' [h:/project_3/project_3.srcs/sources_1/bd/design_1/ip/design_1_clk_wiz_0_0/design_1_clk_wiz_0_0_clk_wiz.v:68]
INFO: [Synth 8-638] synthesizing module 'IBUF' [C:/Xilinx/Vivado/2016.3/scripts/rt/data/unisim_comp.v:14146]
INFO: [Synth 8-256] done synthesizing module 'IBUF' (1#1) [C:/Xilinx/Vivado/2016.3/scripts/rt/data/unisim_comp.v:14146]
INFO: [Synth 8-638] synthesizing module 'MMCME2_ADV' [C:/Xilinx/Vivado/2016.3/scripts/rt/data/unisim_comp.v:20414]
INFO: [Synth 8-256] done synthesizing module 'MMCME2_ADV' (2#1) [C:/Xilinx/Vivado/2016.3/scripts/rt/data/unisim_comp.v:20414]
INFO: [Synth 8-638] synthesizing module 'BUFG' [C:/Xilinx/Vivado/2016.3/scripts/rt/data/unisim_comp.v:607]
INFO: [Synth 8-256] done synthesizing module 'BUFG' (3#1) [C:/Xilinx/Vivado/2016.3/scripts/rt/data/unisim_comp.v:607]
INFO: [Synth 8-256] done synthesizing module 'design_1_clk_wiz_0_0_clk_wiz' (4#1) [h:/project_3/project_3.srcs/sources_1/bd/design_1/ip/design_1_clk_wiz_0_0/design_1_clk_wiz_0_0_clk_wiz.v:68]
INFO: [Synth 8-256] done synthesizing module 'design_1_clk_wiz_0_0' (5#1) [h:/project_3/project_3.srcs/sources_1/bd/design_1/ip/design_1_clk_wiz_0_0/design_1_clk_wiz_0_0.v:70]
Finished RTL Elaboration : Time (s): cpu = 00:00:03 ; elapsed = 00:00:19 . Memory (MB): peak = 380.160 ; gain = 166.949
Finished RTL Optimization Phase 1 : Time (s): cpu = 00:00:03 ; elapsed = 00:00:20 . Memory (MB): peak = 380.160 ; gain = 166.949
INFO: [Device 21-403] Loading part xc7a100tcsg324-1
Constraint Validation Runtime : Time (s): cpu = 00:00:00 ; elapsed = 00:00:00.029 . Memory (MB): peak = 603.758 ; gain = 0.000
Finished Constraint Validation : Time (s): cpu = 00:00:07 ; elapsed = 00:00:30 . Memory (MB): peak = 603.758 ; gain = 390.547
Finished Loading Part and Timing Information : Time (s): cpu = 00:00:07 ; elapsed = 00:00:30 . Memory (MB): peak = 603.758 ; gain = 390.547
Finished applying 'set_property' XDC Constraints : Time (s): cpu = 00:00:07 ; elapsed = 00:00:30 . Memory (MB): peak = 603.758 ; gain = 390.547
Finished RTL Optimization Phase 2 : Time (s): cpu = 00:00:07 ; elapsed = 00:00:30 . Memory (MB): peak = 603.758 ; gain = 390.547
Finished Cross Boundary and Area Optimization : Time (s): cpu = 00:00:07 ; elapsed = 00:00:30 . Memory (MB): peak = 603.758 ; gain = 390.547
Finished Applying XDC Timing Constraints : Time (s): cpu = 00:00:13 ; elapsed = 00:00:40 . Memory (MB): peak = 638.996 ; gain = 425.785
Finished Timing Optimization : Time (s): cpu = 00:00:13 ; elapsed = 00:00:40 . Memory (MB): peak = 638.996 ; gain = 425.785
Finished Technology Mapping : Time (s): cpu = 00:00:13 ; elapsed = 00:00:40 . Memory (MB): peak = 648.656 ; gain = 435.445
Finished IO Insertion : Time (s): cpu = 00:00:13 ; elapsed = 00:00:40 . Memory (MB): peak = 648.656 ; gain = 435.445
Finished Renaming Generated Instances : Time (s): cpu = 00:00:13 ; elapsed = 00:00:40 . Memory (MB): peak = 648.656 ; gain = 435.445
Finished Rebuilding User Hierarchy : Time (s): cpu = 00:00:13 ; elapsed = 00:00:40 . Memory (MB): peak = 648.656 ; gain = 435.445
Finished Renaming Generated Ports : Time (s): cpu = 00:00:13 ; elapsed = 00:00:40 . Memory (MB): peak = 648.656 ; gain = 435.445
Finished Handling Custom Attributes : Time (s): cpu = 00:00:13 ; elapsed = 00:00:40 . Memory (MB): peak = 648.656 ; gain = 435.445
Finished Renaming Generated Nets : Time (s): cpu = 00:00:13 ; elapsed = 00:00:40 . Memory (MB): peak = 648.656 ; gain = 435.445

Report Cell Usage: 
+------+-----------+------+
|      |Cell       |Count |
+------+-----------+------+
|1     |BUFG       |     2|
|2     |LUT1       |     1|
|3     |MMCME2_ADV |     1|
|4     |IBUF       |     1|
+------+-----------+------+
Finished Writing Synthesis Report : Time (s): cpu = 00:00:13 ; elapsed = 00:00:40 . Memory (MB): peak = 648.656 ; gain = 435.445
synth_design: Time (s): cpu = 00:00:13 ; elapsed = 00:00:30 . Memory (MB): peak = 1035.688 ; gain = 772.730
