
*** Running vivado
    with args -log design_1_lmb_bram_1.vds -m64 -product Vivado -mode batch -messageDb vivado.pb -notrace -source design_1_lmb_bram_1.tcl


****** Vivado v2016.3 (64-bit)
  **** SW Build 1682563 on Mon Oct 10 19:07:27 MDT 2016
  **** IP Build 1681267 on Mon Oct 10 21:28:31 MDT 2016
    ** Copyright 1986-2016 Xilinx, Inc. All Rights Reserved.

source design_1_lmb_bram_1.tcl -notrace
Starting RTL Elaboration : Time (s): cpu = 00:00:02 ; elapsed = 00:00:16 . Memory (MB): peak = 342.191 ; gain = 128.203
INFO: [Synth 8-638] synthesizing module 'design_1_lmb_bram_1' [h:/project_3/project_3.srcs/sources_1/bd/design_1/ip/design_1_lmb_bram_1/synth/design_1_lmb_bram_1.vhd:78]
INFO: [Synth 8-256] done synthesizing module 'design_1_lmb_bram_1' (11#1) [h:/project_3/project_3.srcs/sources_1/bd/design_1/ip/design_1_lmb_bram_1/synth/design_1_lmb_bram_1.vhd:78]
Finished RTL Elaboration : Time (s): cpu = 00:00:17 ; elapsed = 00:00:59 . Memory (MB): peak = 542.289 ; gain = 328.301
Finished RTL Optimization Phase 1 : Time (s): cpu = 00:00:18 ; elapsed = 00:01:03 . Memory (MB): peak = 542.289 ; gain = 328.301
INFO: [Device 21-403] Loading part xc7a100tcsg324-1
Constraint Validation Runtime : Time (s): cpu = 00:00:00 ; elapsed = 00:00:00.038 . Memory (MB): peak = 687.535 ; gain = 0.055
Finished Constraint Validation : Time (s): cpu = 00:00:20 ; elapsed = 00:01:12 . Memory (MB): peak = 687.535 ; gain = 473.547
Finished Loading Part and Timing Information : Time (s): cpu = 00:00:20 ; elapsed = 00:01:12 . Memory (MB): peak = 687.535 ; gain = 473.547
Finished applying 'set_property' XDC Constraints : Time (s): cpu = 00:00:20 ; elapsed = 00:01:12 . Memory (MB): peak = 687.535 ; gain = 473.547
Finished RTL Optimization Phase 2 : Time (s): cpu = 00:00:20 ; elapsed = 00:01:12 . Memory (MB): peak = 687.535 ; gain = 473.547
Finished Cross Boundary and Area Optimization : Time (s): cpu = 00:00:20 ; elapsed = 00:01:12 . Memory (MB): peak = 687.535 ; gain = 473.547
Finished Applying XDC Timing Constraints : Time (s): cpu = 00:00:23 ; elapsed = 00:01:17 . Memory (MB): peak = 687.535 ; gain = 473.547
Finished Timing Optimization : Time (s): cpu = 00:00:23 ; elapsed = 00:01:17 . Memory (MB): peak = 687.535 ; gain = 473.547
Finished Technology Mapping : Time (s): cpu = 00:00:23 ; elapsed = 00:01:18 . Memory (MB): peak = 687.535 ; gain = 473.547
Finished IO Insertion : Time (s): cpu = 00:00:23 ; elapsed = 00:01:18 . Memory (MB): peak = 687.535 ; gain = 473.547
Finished Renaming Generated Instances : Time (s): cpu = 00:00:23 ; elapsed = 00:01:18 . Memory (MB): peak = 687.535 ; gain = 473.547
Finished Rebuilding User Hierarchy : Time (s): cpu = 00:00:23 ; elapsed = 00:01:18 . Memory (MB): peak = 687.535 ; gain = 473.547
Finished Renaming Generated Ports : Time (s): cpu = 00:00:23 ; elapsed = 00:01:18 . Memory (MB): peak = 687.535 ; gain = 473.547
Finished Handling Custom Attributes : Time (s): cpu = 00:00:23 ; elapsed = 00:01:18 . Memory (MB): peak = 687.535 ; gain = 473.547
Finished Renaming Generated Nets : Time (s): cpu = 00:00:23 ; elapsed = 00:01:18 . Memory (MB): peak = 687.535 ; gain = 473.547

Report Cell Usage: 
+------+---------+------+
|      |Cell     |Count |
+------+---------+------+
|1     |RAMB36E1 |    32|
+------+---------+------+
Finished Writing Synthesis Report : Time (s): cpu = 00:00:23 ; elapsed = 00:01:18 . Memory (MB): peak = 687.535 ; gain = 473.547
synth_design: Time (s): cpu = 00:00:22 ; elapsed = 00:01:08 . Memory (MB): peak = 690.523 ; gain = 426.934
