
*** Running vivado
    with args -log design_1_rst_clk_wiz_0_100M_0.vds -m64 -product Vivado -mode batch -messageDb vivado.pb -notrace -source design_1_rst_clk_wiz_0_100M_0.tcl


****** Vivado v2016.3 (64-bit)
  **** SW Build 1682563 on Mon Oct 10 19:07:27 MDT 2016
  **** IP Build 1681267 on Mon Oct 10 21:28:31 MDT 2016
    ** Copyright 1986-2016 Xilinx, Inc. All Rights Reserved.

source design_1_rst_clk_wiz_0_100M_0.tcl -notrace
Starting RTL Elaboration : Time (s): cpu = 00:00:03 ; elapsed = 00:00:16 . Memory (MB): peak = 339.766 ; gain = 125.797
INFO: [Synth 8-638] synthesizing module 'design_1_rst_clk_wiz_0_100M_0' [h:/project_3/project_3.srcs/sources_1/bd/design_1/ip/design_1_rst_clk_wiz_0_100M_0/synth/design_1_rst_clk_wiz_0_100M_0.vhd:71]
INFO: [Synth 8-638] synthesizing module 'proc_sys_reset' [h:/project_3/project_3.srcs/sources_1/bd/design_1/ipshared/04b4/hdl/proc_sys_reset_v5_0_vh_rfs.vhd:1323]
INFO: [Synth 8-638] synthesizing module 'lpf' [h:/project_3/project_3.srcs/sources_1/bd/design_1/ipshared/04b4/hdl/proc_sys_reset_v5_0_vh_rfs.vhd:816]
INFO: [Synth 8-638] synthesizing module 'SRL16' [C:/Xilinx/Vivado/2016.3/scripts/rt/data/unisim_comp.v:43312]
INFO: [Synth 8-256] done synthesizing module 'SRL16' (1#1) [C:/Xilinx/Vivado/2016.3/scripts/rt/data/unisim_comp.v:43312]
INFO: [Synth 8-638] synthesizing module 'cdc_sync' [h:/project_3/project_3.srcs/sources_1/bd/design_1/ipshared/52cb/hdl/lib_cdc_v1_0_rfs.vhd:106]
INFO: [Synth 8-256] done synthesizing module 'cdc_sync' (2#1) [h:/project_3/project_3.srcs/sources_1/bd/design_1/ipshared/52cb/hdl/lib_cdc_v1_0_rfs.vhd:106]
INFO: [Synth 8-256] done synthesizing module 'lpf' (3#1) [h:/project_3/project_3.srcs/sources_1/bd/design_1/ipshared/04b4/hdl/proc_sys_reset_v5_0_vh_rfs.vhd:816]
INFO: [Synth 8-638] synthesizing module 'sequence_psr' [h:/project_3/project_3.srcs/sources_1/bd/design_1/ipshared/04b4/hdl/proc_sys_reset_v5_0_vh_rfs.vhd:301]
INFO: [Synth 8-638] synthesizing module 'upcnt_n' [h:/project_3/project_3.srcs/sources_1/bd/design_1/ipshared/04b4/hdl/proc_sys_reset_v5_0_vh_rfs.vhd:125]
INFO: [Synth 8-256] done synthesizing module 'upcnt_n' (4#1) [h:/project_3/project_3.srcs/sources_1/bd/design_1/ipshared/04b4/hdl/proc_sys_reset_v5_0_vh_rfs.vhd:125]
INFO: [Synth 8-256] done synthesizing module 'sequence_psr' (5#1) [h:/project_3/project_3.srcs/sources_1/bd/design_1/ipshared/04b4/hdl/proc_sys_reset_v5_0_vh_rfs.vhd:301]
INFO: [Synth 8-256] done synthesizing module 'proc_sys_reset' (6#1) [h:/project_3/project_3.srcs/sources_1/bd/design_1/ipshared/04b4/hdl/proc_sys_reset_v5_0_vh_rfs.vhd:1323]
INFO: [Synth 8-256] done synthesizing module 'design_1_rst_clk_wiz_0_100M_0' (7#1) [h:/project_3/project_3.srcs/sources_1/bd/design_1/ip/design_1_rst_clk_wiz_0_100M_0/synth/design_1_rst_clk_wiz_0_100M_0.vhd:71]
Finished RTL Elaboration : Time (s): cpu = 00:00:03 ; elapsed = 00:00:17 . Memory (MB): peak = 378.102 ; gain = 164.133
Finished RTL Optimization Phase 1 : Time (s): cpu = 00:00:03 ; elapsed = 00:00:18 . Memory (MB): peak = 378.102 ; gain = 164.133
INFO: [Device 21-403] Loading part xc7a100tcsg324-1
Constraint Validation Runtime : Time (s): cpu = 00:00:00 ; elapsed = 00:00:00.043 . Memory (MB): peak = 684.563 ; gain = 0.000
Finished Constraint Validation : Time (s): cpu = 00:00:07 ; elapsed = 00:00:28 . Memory (MB): peak = 684.563 ; gain = 470.594
Finished Loading Part and Timing Information : Time (s): cpu = 00:00:07 ; elapsed = 00:00:28 . Memory (MB): peak = 684.563 ; gain = 470.594
Finished applying 'set_property' XDC Constraints : Time (s): cpu = 00:00:07 ; elapsed = 00:00:28 . Memory (MB): peak = 684.563 ; gain = 470.594
Finished RTL Optimization Phase 2 : Time (s): cpu = 00:00:07 ; elapsed = 00:00:28 . Memory (MB): peak = 684.563 ; gain = 470.594
Finished Cross Boundary and Area Optimization : Time (s): cpu = 00:00:07 ; elapsed = 00:00:28 . Memory (MB): peak = 684.563 ; gain = 470.594
Finished Applying XDC Timing Constraints : Time (s): cpu = 00:00:12 ; elapsed = 00:00:37 . Memory (MB): peak = 684.563 ; gain = 470.594
Finished Timing Optimization : Time (s): cpu = 00:00:12 ; elapsed = 00:00:37 . Memory (MB): peak = 684.563 ; gain = 470.594
Finished Technology Mapping : Time (s): cpu = 00:00:12 ; elapsed = 00:00:37 . Memory (MB): peak = 684.563 ; gain = 470.594
Finished IO Insertion : Time (s): cpu = 00:00:12 ; elapsed = 00:00:38 . Memory (MB): peak = 684.563 ; gain = 470.594
Finished Renaming Generated Instances : Time (s): cpu = 00:00:12 ; elapsed = 00:00:38 . Memory (MB): peak = 684.563 ; gain = 470.594
Finished Rebuilding User Hierarchy : Time (s): cpu = 00:00:12 ; elapsed = 00:00:38 . Memory (MB): peak = 684.563 ; gain = 470.594
Finished Renaming Generated Ports : Time (s): cpu = 00:00:12 ; elapsed = 00:00:38 . Memory (MB): peak = 684.563 ; gain = 470.594
Finished Handling Custom Attributes : Time (s): cpu = 00:00:12 ; elapsed = 00:00:38 . Memory (MB): peak = 684.563 ; gain = 470.594
Finished Renaming Generated Nets : Time (s): cpu = 00:00:12 ; elapsed = 00:00:38 . Memory (MB): peak = 684.563 ; gain = 470.594

Report Cell Usage: 
+------+------+------+
|      |Cell  |Count |
+------+------+------+
|1     |LUT1  |     5|
|2     |LUT2  |     9|
|3     |LUT3  |     1|
|4     |LUT4  |     6|
|5     |LUT5  |     3|
|6     |LUT6  |     1|
|7     |SRL16 |     1|
|8     |FDR   |     8|
|9     |FDRE  |    28|
|10    |FDSE  |     4|
+------+------+------+
Finished Writing Synthesis Report : Time (s): cpu = 00:00:12 ; elapsed = 00:00:38 . Memory (MB): peak = 684.563 ; gain = 470.594
synth_design: Time (s): cpu = 00:00:12 ; elapsed = 00:00:27 . Memory (MB): peak = 684.563 ; gain = 422.027
