#
# A fatal error has been detected by the Java Runtime Environment:
#
#  EXCEPTION_UNCAUGHT_CXX_EXCEPTION (0xe06d7363) at pc=0x00007ffbe380fabc, pid=18972, tid=1296
#
# JRE version: Java(TM) SE Runtime Environment (8.0_66-b18) (build 1.8.0_66-b18)
# Java VM: Java HotSpot(TM) 64-Bit Server VM (25.66-b18 mixed mode windows-amd64 compressed oops)
# Problematic frame:
# C  [KERNELBASE.dll+0x5fabc]
#
# Failed to write core dump. Minidumps are not enabled by default on client versions of Windows
#
# If you would like to submit a bug report, please visit:
#   http://bugreport.java.com/bugreport/crash.jsp
#

---------------  T H R E A D  ---------------

Current thread (0x0000000015dc1800):  VMThread [stack: 0x000000001a520000,0x000000001a620000] [id=1296]

siginfo: ExceptionCode=0xe06d7363, ExceptionInformation=0x0000000019930520 0x000000001a61f608 0x00007ffb59722cb8 0x00007ffb59670000 

Registers:
RAX=0x000000001a61ee10, RBX=0x00007ffb59722cb8, RCX=0x000000000100000a, RDX=0x000000001a61f0b0
RSP=0x000000001a61f450, RBP=0x000000001a61f590, RSI=0x00000000ffffffff, RDI=0x000000002ed01330
R8 =0x000000001a61edf0, R9 =0x0000000000000020, R10=0x0000000000000020, R11=0x0000000000000000
R12=0x0000000000000001, R13=0x0000000000000008, R14=0x0000000000000000, R15=0xffffffffffffffff
RIP=0x00007ffbe380fabc, EFLAGS=0x0000000000000202

Top of Stack: (sp=0x000000001a61f450)
0x000000001a61f450:   000000001a61f4b0 00007ffb59722cb8
0x000000001a61f460:   00000000ffffffff deadbeefdeadbeef
0x000000001a61f470:   00000081e06d7363 0000000000000000
0x000000001a61f480:   00007ffbe380fabc deadbeef00000004
0x000000001a61f490:   0000000019930520 000000001a61f608
0x000000001a61f4a0:   00007ffb59722cb8 00007ffb59670000
0x000000001a61f4b0:   00007ffb00000000 00007ffbe5e83800
0x000000001a61f4c0:   0000000000000000 00007ffb59722cb8
0x000000001a61f4d0:   0000000000000000 00007ffbe5ea6a8f
0x000000001a61f4e0:   000000001a61f5a0 00007ffb59739000
0x000000001a61f4f0:   00000000ffffffff 000000002ed01330
0x000000001a61f500:   00007ffb59739000 00007ffb59670000
0x000000001a61f510:   000053fd639cf66b 000000000000003f
0x000000001a61f520:   00007ffb59722cb8 00007ffb596ce92c
0x000000001a61f530:   ffffffff0000001f 0000000000000000
0x000000001a61f540:   0000000000000008 0000000000000001 

Instructions: (pc=0x00007ffbe380fabc)
0x00007ffbe380fa9c:   0f 46 c0 44 8b c0 44 89 44 24 38 49 c1 e0 03 e8
0x00007ffbe380faac:   f7 22 07 00 48 8d 4c 24 20 48 ff 15 04 53 20 00
0x00007ffbe380fabc:   0f 1f 44 00 00 48 8b 8c 24 c0 00 00 00 48 33 cc
0x00007ffbe380facc:   e8 4f 09 05 00 48 81 c4 d8 00 00 00 c3 cc 83 64 


Register to memory mapping:

RAX=0x000000001a61ee10 is an unknown value
RBX=0x00007ffb59722cb8 is an unknown value
RCX=0x000000000100000a is an unknown value
RDX=0x000000001a61f0b0 is an unknown value
RSP=0x000000001a61f450 is an unknown value
RBP=0x000000001a61f590 is an unknown value
RSI=0x00000000ffffffff is an unallocated location in the heap
RDI=0x000000002ed01330 is an unknown value
R8 =0x000000001a61edf0 is an unknown value
R9 =0x0000000000000020 is an unknown value
R10=0x0000000000000020 is an unknown value
R11=0x0000000000000000 is an unknown value
R12=0x0000000000000001 is an unknown value
R13=0x0000000000000008 is an unknown value
R14=0x0000000000000000 is an unknown value
R15=0xffffffffffffffff is an unknown value


Stack: [0x000000001a520000,0x000000001a620000],  sp=0x000000001a61f450,  free space=1021k
Native frames: (J=compiled Java code, j=interpreted, Vv=VM code, C=native code)
C  [KERNELBASE.dll+0x5fabc]
C  [MSVCR110.dll+0x5e92c]
C  [MSVCR110.dll+0x1315c]
C  [MSVCR110.dll+0x136a9]
C  [MSVCR110.dll+0x13e9c]
C  [MSVCR110.dll+0x239e]
C  [MSVCR110.dll+0xaf9e]
C  [MSVCP110.dll+0x397b9]
C  [librdi_common.dll+0x183a66]
C  [librdi_common.dll+0x1826fb]
C  0x00007ffbde262400
C  0x00007ffbde262682
C  [ntdll.dll+0x28b7f]
C  [ntdll.dll+0x51586]
C  [ntdll.dll+0x5117d]
C  [KERNEL32.DLL+0x17fab]
C  [MSVCR100.dll+0x20ccd]
V  [jvm.dll+0x210cc5]
V  [jvm.dll+0x249897]
V  [jvm.dll+0x248b36]
V  [jvm.dll+0x248fd1]
V  [jvm.dll+0x2491ee]
V  [jvm.dll+0x29a0fa]
C  [MSVCR100.dll+0x21d9f]
C  [MSVCR100.dll+0x21e3b]
C  [KERNEL32.DLL+0x1257d]
C  [ntdll.dll+0x5af28]

VM_Operation (0x000000000014f490): Exit, mode: safepoint, requested by thread 0x0000000003864000


---------------  P R O C E S S  ---------------

Java Threads: ( => current thread )
  0x00000000240fd800 JavaThread "pool-2-thread-5" [_thread_blocked, id=14780, stack(0x000000003a1b0000,0x000000003a2b0000)]
  0x000000001fada800 JavaThread "pool-2-thread-4" [_thread_blocked, id=14844, stack(0x000000003a4b0000,0x000000003a5b0000)]
  0x000000001fad3000 JavaThread "pool-2-thread-3" [_thread_blocked, id=23684, stack(0x0000000038650000,0x0000000038750000)]
  0x000000002b94c000 JavaThread "pool-2-thread-2" [_thread_blocked, id=15960, stack(0x00000000389b0000,0x0000000038ab0000)]
  0x0000000024106800 JavaThread "pool-2-thread-1" [_thread_blocked, id=8612, stack(0x00000000356d0000,0x00000000357d0000)]
  0x00000000240f9000 JavaThread "Thread-115" daemon [_thread_blocked, id=3764, stack(0x00000000354d0000,0x00000000355d0000)]
  0x000000001fad8800 JavaThread "TCF Channel Transmitter" daemon [_thread_blocked, id=24532, stack(0x000000003a2b0000,0x000000003a3b0000)]
  0x000000001fad7000 JavaThread "TCF Channel Receiver" daemon [_thread_in_native, id=3696, stack(0x000000003a0b0000,0x000000003a1b0000)]
  0x000000001fad6000 JavaThread "Process monitor" daemon [_thread_in_native, id=3120, stack(0x00000000398e0000,0x00000000399e0000)]
  0x000000001face800 JavaThread "Input Stream Monitor" daemon [_thread_blocked, id=2452, stack(0x00000000397e0000,0x00000000398e0000)]
  0x000000001fad4800 JavaThread "Output Stream Monitor" daemon [_thread_in_native, id=3208, stack(0x00000000396e0000,0x00000000397e0000)]
  0x000000001facf800 JavaThread "Output Stream Monitor" daemon [_thread_in_native, id=3116, stack(0x00000000395e0000,0x00000000396e0000)]
  0x000000001803d800 JavaThread "TCF Locator DNS Lookup" daemon [_thread_blocked, id=22672, stack(0x0000000029700000,0x0000000029800000)]
  0x0000000021d23800 JavaThread "TCF Locator Timer" daemon [_thread_blocked, id=24868, stack(0x0000000029600000,0x0000000029700000)]
  0x0000000021d22800 JavaThread "TCF Locator Receiver" daemon [_thread_in_native, id=22656, stack(0x00000000290d0000,0x00000000291d0000)]
  0x0000000021d28800 JavaThread "TCF Timer Dispatcher" daemon [_thread_blocked, id=3564, stack(0x0000000025f50000,0x0000000026050000)]
  0x000000001d426800 JavaThread "EMF Reference Cleaner" daemon [_thread_blocked, id=2956, stack(0x000000001e840000,0x000000001e940000)]
  0x00000000180b2800 JavaThread "Service Thread" daemon [_thread_blocked, id=19208, stack(0x000000001b720000,0x000000001b820000)]
  0x0000000018043800 JavaThread "C1 CompilerThread11" daemon [_thread_blocked, id=7828, stack(0x000000001b620000,0x000000001b720000)]
  0x000000001803d000 JavaThread "C1 CompilerThread10" daemon [_thread_blocked, id=13068, stack(0x000000001b520000,0x000000001b620000)]
  0x000000001803e800 JavaThread "C1 CompilerThread9" daemon [_thread_blocked, id=10024, stack(0x000000001b420000,0x000000001b520000)]
  0x0000000018042000 JavaThread "C1 CompilerThread8" daemon [_thread_blocked, id=24680, stack(0x000000001b320000,0x000000001b420000)]
  0x0000000018041800 JavaThread "C2 CompilerThread7" daemon [_thread_blocked, id=24540, stack(0x000000001b220000,0x000000001b320000)]
  0x0000000018043000 JavaThread "C2 CompilerThread6" daemon [_thread_blocked, id=3584, stack(0x000000001b120000,0x000000001b220000)]
  0x0000000018016000 JavaThread "C2 CompilerThread5" daemon [_thread_blocked, id=24872, stack(0x000000001b020000,0x000000001b120000)]
  0x0000000015dde000 JavaThread "C2 CompilerThread4" daemon [_thread_blocked, id=15452, stack(0x000000001af20000,0x000000001b020000)]
  0x0000000015ddd800 JavaThread "C2 CompilerThread3" daemon [_thread_blocked, id=2560, stack(0x000000001ae20000,0x000000001af20000)]
  0x0000000015dda800 JavaThread "C2 CompilerThread2" daemon [_thread_blocked, id=11880, stack(0x000000001ad20000,0x000000001ae20000)]
  0x0000000017fd3800 JavaThread "C2 CompilerThread1" daemon [_thread_blocked, id=11268, stack(0x000000001ac20000,0x000000001ad20000)]
  0x0000000017fce800 JavaThread "C2 CompilerThread0" daemon [_thread_blocked, id=13448, stack(0x000000001ab20000,0x000000001ac20000)]
  0x0000000017fc5000 JavaThread "Attach Listener" daemon [_thread_blocked, id=17804, stack(0x000000001aa20000,0x000000001ab20000)]
  0x0000000017fc4000 JavaThread "Signal Dispatcher" daemon [_thread_blocked, id=25248, stack(0x000000001a920000,0x000000001aa20000)]
  0x0000000017f9c800 JavaThread "Finalizer" daemon [_thread_blocked, id=22140, stack(0x000000001a720000,0x000000001a820000)]
  0x0000000017f93800 JavaThread "Reference Handler" daemon [_thread_blocked, id=13200, stack(0x000000001a620000,0x000000001a720000)]
  0x0000000003864000 JavaThread "main" [_thread_blocked, id=3780, stack(0x0000000000050000,0x0000000000150000)]

Other Threads:
=>0x0000000015dc1800 VMThread [stack: 0x000000001a520000,0x000000001a620000] [id=1296]

VM state:at safepoint (shutting down)

VM Mutex/Monitor currently owned by a thread:  ([mutex/lock_event])
[0x00000000038606d0] Threads_lock - owner thread: 0x0000000015dc1800

Heap:
 PSYoungGen      total 48128K, used 41220K [0x00000000f5580000, 0x00000000f8f80000, 0x0000000100000000)
  eden space 43008K, 84% used [0x00000000f5580000,0x00000000f79050e0,0x00000000f7f80000)
  from space 5120K, 94% used [0x00000000f8000000,0x00000000f84bc118,0x00000000f8500000)
  to   space 8192K, 0% used [0x00000000f8780000,0x00000000f8780000,0x00000000f8f80000)
 ParOldGen       total 105472K, used 68525K [0x00000000e0000000, 0x00000000e6700000, 0x00000000f5580000)
  object space 105472K, 64% used [0x00000000e0000000,0x00000000e42eb530,0x00000000e6700000)
 Metaspace       used 109254K, capacity 117480K, committed 117656K, reserved 1150976K
  class space    used 12924K, capacity 15503K, committed 15512K, reserved 1048576K

Card table byte_map: [0x0000000012d20000,0x0000000012e30000] byte_map_base: 0x0000000012620000

Marking Bits: (ParMarkBitMap*) 0x0000000067b9a5b0
 Begin Bits: [0x00000000142e0000, 0x0000000014ae0000)
 End Bits:   [0x0000000014ae0000, 0x00000000152e0000)

Polling page: 0x0000000002d00000

CodeCache: size=245760Kb used=78975Kb max_used=78975Kb free=166784Kb
 bounds [0x0000000003960000, 0x0000000008710000, 0x0000000012960000]
 total_blobs=19660 nmethods=18727 adapters=834
 compilation: enabled

Compilation events (10 events):
Event: 3876.185 Thread 0x000000001803e800 24020  s    3       java.util.Hashtable::clear (38 bytes)
Event: 3876.185 Thread 0x0000000018043800 nmethod 24017 0x0000000005b06dd0 code [0x0000000005b06f80, 0x0000000005b07948]
Event: 3876.185 Thread 0x0000000018043800 24021   !   3       org.eclipse.osgi.storage.ManifestLocalization::clearCache (28 bytes)
Event: 3876.186 Thread 0x000000001803e800 nmethod 24020 0x0000000005b06610 code [0x0000000005b06780, 0x0000000005b06c50]
Event: 3876.186 Thread 0x000000001803e800 24022   !   3       org.eclipse.osgi.internal.loader.BundleLoader::close (74 bytes)
Event: 3876.186 Thread 0x0000000018043800 nmethod 24021 0x0000000008705c90 code [0x0000000008705e00, 0x00000000087061e8]
Event: 3876.186 Thread 0x0000000018016000 24023       4       java.util.concurrent.locks.ReentrantLock$Sync::tryRelease (45 bytes)
Event: 3876.186 Thread 0x000000001803e800 nmethod 24022 0x0000000005b054d0 code [0x0000000005b056c0, 0x0000000005b060f8]
Event: 3876.186 Thread 0x0000000018016000 nmethod 24023 0x0000000008704e50 code [0x0000000008704f80, 0x0000000008705038]
Event: 3876.187 Thread 0x000000001803d000 nmethod 24019 0x00000000087092d0 code [0x00000000087096a0, 0x000000000870c0b8]

GC Heap History (10 events):
Event: 3703.330 GC heap before
{Heap before GC invocations=107 (full 22):
 PSYoungGen      total 53760K, used 51456K [0x00000000f5580000, 0x00000000f9300000, 0x0000000100000000)
  eden space 45568K, 100% used [0x00000000f5580000,0x00000000f8200000,0x00000000f8200000)
  from space 8192K, 71% used [0x00000000f8b00000,0x00000000f90c0288,0x00000000f9300000)
  to   space 8704K, 0% used [0x00000000f8200000,0x00000000f8200000,0x00000000f8a80000)
 ParOldGen       total 105472K, used 66014K [0x00000000e0000000, 0x00000000e6700000, 0x00000000f5580000)
  object space 105472K, 62% used [0x00000000e0000000,0x00000000e4077a20,0x00000000e6700000)
 Metaspace       used 108280K, capacity 116410K, committed 116760K, reserved 1150976K
  class space    used 12807K, capacity 15316K, committed 15384K, reserved 1048576K
Event: 3703.332 GC heap after
Heap after GC invocations=107 (full 22):
 PSYoungGen      total 52224K, used 6957K [0x00000000f5580000, 0x00000000f9280000, 0x0000000100000000)
  eden space 45056K, 0% used [0x00000000f5580000,0x00000000f5580000,0x00000000f8180000)
  from space 7168K, 97% used [0x00000000f8200000,0x00000000f88cb400,0x00000000f8900000)
  to   space 8704K, 0% used [0x00000000f8a00000,0x00000000f8a00000,0x00000000f9280000)
 ParOldGen       total 105472K, used 66406K [0x00000000e0000000, 0x00000000e6700000, 0x00000000f5580000)
  object space 105472K, 62% used [0x00000000e0000000,0x00000000e40d9a20,0x00000000e6700000)
 Metaspace       used 108280K, capacity 116410K, committed 116760K, reserved 1150976K
  class space    used 12807K, capacity 15316K, committed 15384K, reserved 1048576K
}
Event: 3785.414 GC heap before
{Heap before GC invocations=108 (full 22):
 PSYoungGen      total 52224K, used 52013K [0x00000000f5580000, 0x00000000f9280000, 0x0000000100000000)
  eden space 45056K, 100% used [0x00000000f5580000,0x00000000f8180000,0x00000000f8180000)
  from space 7168K, 97% used [0x00000000f8200000,0x00000000f88cb400,0x00000000f8900000)
  to   space 8704K, 0% used [0x00000000f8a00000,0x00000000f8a00000,0x00000000f9280000)
 ParOldGen       total 105472K, used 66406K [0x00000000e0000000, 0x00000000e6700000, 0x00000000f5580000)
  object space 105472K, 62% used [0x00000000e0000000,0x00000000e40d9a20,0x00000000e6700000)
 Metaspace       used 108675K, capacity 116944K, committed 117016K, reserved 1150976K
  class space    used 12865K, capacity 15370K, committed 15384K, reserved 1048576K
Event: 3785.417 GC heap after
Heap after GC invocations=108 (full 22):
 PSYoungGen      total 52736K, used 6361K [0x00000000f5580000, 0x00000000f9200000, 0x0000000100000000)
  eden space 44544K, 0% used [0x00000000f5580000,0x00000000f5580000,0x00000000f8100000)
  from space 8192K, 77% used [0x00000000f8a00000,0x00000000f9036620,0x00000000f9200000)
  to   space 8704K, 0% used [0x00000000f8100000,0x00000000f8100000,0x00000000f8980000)
 ParOldGen       total 105472K, used 67681K [0x00000000e0000000, 0x00000000e6700000, 0x00000000f5580000)
  object space 105472K, 64% used [0x00000000e0000000,0x00000000e42185a0,0x00000000e6700000)
 Metaspace       used 108675K, capacity 116944K, committed 117016K, reserved 1150976K
  class space    used 12865K, capacity 15370K, committed 15384K, reserved 1048576K
}
Event: 3832.740 GC heap before
{Heap before GC invocations=109 (full 22):
 PSYoungGen      total 52736K, used 50905K [0x00000000f5580000, 0x00000000f9200000, 0x0000000100000000)
  eden space 44544K, 100% used [0x00000000f5580000,0x00000000f8100000,0x00000000f8100000)
  from space 8192K, 77% used [0x00000000f8a00000,0x00000000f9036620,0x00000000f9200000)
  to   space 8704K, 0% used [0x00000000f8100000,0x00000000f8100000,0x00000000f8980000)
 ParOldGen       total 105472K, used 67681K [0x00000000e0000000, 0x00000000e6700000, 0x00000000f5580000)
  object space 105472K, 64% used [0x00000000e0000000,0x00000000e42185a0,0x00000000e6700000)
 Metaspace       used 108703K, capacity 116944K, committed 117016K, reserved 1150976K
  class space    used 12865K, capacity 15370K, committed 15384K, reserved 1048576K
Event: 3832.742 GC heap after
Heap after GC invocations=109 (full 22):
 PSYoungGen      total 50176K, used 5918K [0x00000000f5580000, 0x00000000f9080000, 0x0000000100000000)
  eden space 44032K, 0% used [0x00000000f5580000,0x00000000f5580000,0x00000000f8080000)
  from space 6144K, 96% used [0x00000000f8100000,0x00000000f86c79d8,0x00000000f8700000)
  to   space 8192K, 0% used [0x00000000f8880000,0x00000000f8880000,0x00000000f9080000)
 ParOldGen       total 105472K, used 67921K [0x00000000e0000000, 0x00000000e6700000, 0x00000000f5580000)
  object space 105472K, 64% used [0x00000000e0000000,0x00000000e42545a0,0x00000000e6700000)
 Metaspace       used 108703K, capacity 116944K, committed 117016K, reserved 1150976K
  class space    used 12865K, capacity 15370K, committed 15384K, reserved 1048576K
}
Event: 3872.473 GC heap before
{Heap before GC invocations=110 (full 22):
 PSYoungGen      total 50176K, used 49950K [0x00000000f5580000, 0x00000000f9080000, 0x0000000100000000)
  eden space 44032K, 100% used [0x00000000f5580000,0x00000000f8080000,0x00000000f8080000)
  from space 6144K, 96% used [0x00000000f8100000,0x00000000f86c79d8,0x00000000f8700000)
  to   space 8192K, 0% used [0x00000000f8880000,0x00000000f8880000,0x00000000f9080000)
 ParOldGen       total 105472K, used 67921K [0x00000000e0000000, 0x00000000e6700000, 0x00000000f5580000)
  object space 105472K, 64% used [0x00000000e0000000,0x00000000e42545a0,0x00000000e6700000)
 Metaspace       used 108755K, capacity 116944K, committed 117016K, reserved 1150976K
  class space    used 12871K, capacity 15370K, committed 15384K, reserved 1048576K
Event: 3872.476 GC heap after
Heap after GC invocations=110 (full 22):
 PSYoungGen      total 51200K, used 5751K [0x00000000f5580000, 0x00000000f9000000, 0x0000000100000000)
  eden space 43520K, 0% used [0x00000000f5580000,0x00000000f5580000,0x00000000f8000000)
  from space 7680K, 74% used [0x00000000f8880000,0x00000000f8e1dd78,0x00000000f9000000)
  to   space 8192K, 0% used [0x00000000f8000000,0x00000000f8000000,0x00000000f8800000)
 ParOldGen       total 105472K, used 68333K [0x00000000e0000000, 0x00000000e6700000, 0x00000000f5580000)
  object space 105472K, 64% used [0x00000000e0000000,0x00000000e42bb530,0x00000000e6700000)
 Metaspace       used 108755K, capacity 116944K, committed 117016K, reserved 1150976K
  class space    used 12871K, capacity 15370K, committed 15384K, reserved 1048576K
}
Event: 3874.082 GC heap before
{Heap before GC invocations=111 (full 22):
 PSYoungGen      total 51200K, used 49271K [0x00000000f5580000, 0x00000000f9000000, 0x0000000100000000)
  eden space 43520K, 100% used [0x00000000f5580000,0x00000000f8000000,0x00000000f8000000)
  from space 7680K, 74% used [0x00000000f8880000,0x00000000f8e1dd78,0x00000000f9000000)
  to   space 8192K, 0% used [0x00000000f8000000,0x00000000f8000000,0x00000000f8800000)
 ParOldGen       total 105472K, used 68333K [0x00000000e0000000, 0x00000000e6700000, 0x00000000f5580000)
  object space 105472K, 64% used [0x00000000e0000000,0x00000000e42bb530,0x00000000e6700000)
 Metaspace       used 108832K, capacity 117122K, committed 117400K, reserved 1150976K
  class space    used 12878K, capacity 15405K, committed 15512K, reserved 1048576K
Event: 3874.085 GC heap after
Heap after GC invocations=111 (full 22):
 PSYoungGen      total 48128K, used 4848K [0x00000000f5580000, 0x00000000f8f80000, 0x0000000100000000)
  eden space 43008K, 0% used [0x00000000f5580000,0x00000000f5580000,0x00000000f7f80000)
  from space 5120K, 94% used [0x00000000f8000000,0x00000000f84bc118,0x00000000f8500000)
  to   space 8192K, 0% used [0x00000000f8780000,0x00000000f8780000,0x00000000f8f80000)
 ParOldGen       total 105472K, used 68525K [0x00000000e0000000, 0x00000000e6700000, 0x00000000f5580000)
  object space 105472K, 64% used [0x00000000e0000000,0x00000000e42eb530,0x00000000e6700000)
 Metaspace       used 108832K, capacity 117122K, committed 117400K, reserved 1150976K
  class space    used 12878K, capacity 15405K, committed 15512K, reserved 1048576K
}

Deoptimization events (10 events):
Event: 3876.169 Thread 0x00000000240fb000 Uncommon trap: reason=unstable_if action=reinterpret pc=0x00000000079342ac method=org.eclipse.core.internal.jobs.WorkerPool.startJob(Lorg/eclipse/core/internal/jobs/Worker;)Lorg/eclipse/core/internal/jobs/InternalJob; @ 177
Event: 3876.169 Thread 0x000000002b953800 Uncommon trap: reason=unstable_if action=reinterpret pc=0x00000000079342ac method=org.eclipse.core.internal.jobs.WorkerPool.startJob(Lorg/eclipse/core/internal/jobs/Worker;)Lorg/eclipse/core/internal/jobs/InternalJob; @ 177
Event: 3876.169 Thread 0x000000002b956000 Uncommon trap: reason=unstable_if action=reinterpret pc=0x00000000079342ac method=org.eclipse.core.internal.jobs.WorkerPool.startJob(Lorg/eclipse/core/internal/jobs/Worker;)Lorg/eclipse/core/internal/jobs/InternalJob; @ 177
Event: 3876.169 Thread 0x000000001803f000 Uncommon trap: reason=unstable_if action=reinterpret pc=0x00000000079342ac method=org.eclipse.core.internal.jobs.WorkerPool.startJob(Lorg/eclipse/core/internal/jobs/Worker;)Lorg/eclipse/core/internal/jobs/InternalJob; @ 177
Event: 3876.169 Thread 0x000000001fad4000 Uncommon trap: reason=unstable_if action=reinterpret pc=0x00000000079342ac method=org.eclipse.core.internal.jobs.WorkerPool.startJob(Lorg/eclipse/core/internal/jobs/Worker;)Lorg/eclipse/core/internal/jobs/InternalJob; @ 177
Event: 3876.169 Thread 0x000000002b955000 Uncommon trap: reason=unstable_if action=reinterpret pc=0x00000000079342ac method=org.eclipse.core.internal.jobs.WorkerPool.startJob(Lorg/eclipse/core/internal/jobs/Worker;)Lorg/eclipse/core/internal/jobs/InternalJob; @ 177
Event: 3876.169 Thread 0x000000002b947800 Uncommon trap: reason=unstable_if action=reinterpret pc=0x00000000079342ac method=org.eclipse.core.internal.jobs.WorkerPool.startJob(Lorg/eclipse/core/internal/jobs/Worker;)Lorg/eclipse/core/internal/jobs/InternalJob; @ 177
Event: 3876.169 Thread 0x000000002b94a800 Uncommon trap: reason=unstable_if action=reinterpret pc=0x00000000079342ac method=org.eclipse.core.internal.jobs.WorkerPool.startJob(Lorg/eclipse/core/internal/jobs/Worker;)Lorg/eclipse/core/internal/jobs/InternalJob; @ 177
Event: 3876.179 Thread 0x000000002b94f000 Uncommon trap: reason=unstable_if action=reinterpret pc=0x00000000055d5b5c method=sun.reflect.UnsafeStaticObjectFieldAccessorImpl.set(Ljava/lang/Object;Ljava/lang/Object;)V @ 13
Event: 3876.184 Thread 0x0000000021d25800 Uncommon trap: reason=unstable_if action=reinterpret pc=0x0000000007d76120 method=org.eclipse.osgi.framework.eventmgr.EventManager$EventThread.getNextEvent()Lorg/eclipse/osgi/framework/eventmgr/EventManager$EventThread$Queued; @ 15

Internal exceptions (10 events):
Event: 3875.368 Thread 0x0000000003864000 Exception <a 'java/io/FileNotFoundException'> (0x00000000f6ef54d0) thrown at [C:\re\workspace\8-2-build-windows-amd64-cygwin\jdk8u66\5298\hotspot\src\share\vm\prims\jni.cpp, line 709]
Event: 3875.437 Thread 0x00000000240fc800 Exception <a 'java/lang/InterruptedException'> (0x00000000f7386dd0) thrown at [C:\re\workspace\8-2-build-windows-amd64-cygwin\jdk8u66\5298\hotspot\src\share\vm\runtime\objectMonitor.cpp, line 1683]
Event: 3876.091 Thread 0x000000002b94f000 Implicit null exception at 0x00000000074217b2 to 0x0000000007421c49
Event: 3876.138 Thread 0x000000002b94f000 Implicit null exception at 0x0000000006151a47 to 0x000000000615392d
Event: 3876.139 Thread 0x000000002b94f000 Exception <a 'java/lang/NullPointerException'> (0x00000000f7602cb8) thrown at [C:\re\workspace\8-2-build-windows-amd64-cygwin\jdk8u66\5298\hotspot\src\share\vm\prims\jvm.cpp, line 1390]
Event: 3876.169 Thread 0x0000000021d28000 Exception <a 'java/lang/InterruptedException'> (0x00000000f6fa64a0) thrown at [C:\re\workspace\8-2-build-windows-amd64-cygwin\jdk8u66\5298\hotspot\src\share\vm\runtime\objectMonitor.cpp, line 1683]
Event: 3876.179 Thread 0x000000002b94f000 Implicit null exception at 0x00000000055d5685 to 0x00000000055d5b39
Event: 3876.179 Thread 0x000000001cc69000 Exception <a 'java/lang/InterruptedException'> (0x00000000f7746490) thrown at [C:\re\workspace\8-2-build-windows-amd64-cygwin\jdk8u66\5298\hotspot\src\share\vm\runtime\objectMonitor.cpp, line 1683]
Event: 3876.184 Thread 0x0000000021d25800 Exception <a 'java/lang/InterruptedException'> (0x00000000f6aafce0) thrown at [C:\re\workspace\8-2-build-windows-amd64-cygwin\jdk8u66\5298\hotspot\src\share\vm\runtime\objectMonitor.cpp, line 1683]
Event: 3876.185 Thread 0x000000001d09a000 Exception <a 'java/lang/InterruptedException'> (0x00000000f78db090) thrown at [C:\re\workspace\8-2-build-windows-amd64-cygwin\jdk8u66\5298\hotspot\src\share\vm\runtime\objectMonitor.cpp, line 1683]

Events (10 events):
Event: 3876.184 Thread 0x000000001be00800 Thread exited: 0x000000001be00800
Event: 3876.185 Thread 0x000000001d09a000 Thread exited: 0x000000001d09a000
Event: 3876.186 Thread 0x000000002b94f000 Thread exited: 0x000000002b94f000
Event: 3876.186 loading class java/util/IdentityHashMap$KeyIterator
Event: 3876.186 loading class java/util/IdentityHashMap$IdentityHashMapIterator
Event: 3876.186 loading class java/util/IdentityHashMap$IdentityHashMapIterator done
Event: 3876.186 loading class java/util/IdentityHashMap$KeyIterator done
Event: 3876.186 Thread 0x000000002b94e800 Thread added: 0x000000002b94e800
Event: 3876.187 Thread 0x000000002b94e800 Thread exited: 0x000000002b94e800
Event: 3876.187 Executing VM operation: Exit


Dynamic libraries:
0x0000000000400000 - 0x000000000044f000 	C:\Xilinx\SDK\2016.3\eclipse\win64.o\eclipse.exe
0x0000000000b90000 - 0x0000000000da7000 	C:\WINDOWS\SYSTEM32\ntd1l.dll
0x0000000000db0000 - 0x0000000000e74000 	C:\WINDOWS\System32\kern3l32.dll
0x00007ffbe5e30000 - 0x00007ffbe6047000 	C:\WINDOWS\SYSTEM32\ntdll.dll
0x00007ffbe58c0000 - 0x00007ffbe5984000 	C:\WINDOWS\System32\KERNEL32.DLL
0x00007ffbe37b0000 - 0x00007ffbe3b5d000 	C:\WINDOWS\System32\KERNELBASE.dll
0x00007ffbe2ac0000 - 0x00007ffbe2df1000 	C:\Program Files\SentinelOne\Sentinel Agent 23.4.4.223\InProcessClient64.dll
0x00007ffbe4510000 - 0x00007ffbe45c2000 	C:\WINDOWS\System32\ADVAPI32.dll
0x00007ffbe54f0000 - 0x00007ffbe5597000 	C:\WINDOWS\System32\msvcrt.dll
0x00007ffbe3b60000 - 0x00007ffbe3c09000 	C:\WINDOWS\System32\sechost.dll
0x00007ffbe3570000 - 0x00007ffbe3598000 	C:\WINDOWS\System32\bcrypt.dll
0x00007ffbe5af0000 - 0x00007ffbe5c04000 	C:\WINDOWS\System32\RPCRT4.dll
0x00007ffbe4360000 - 0x00007ffbe450e000 	C:\WINDOWS\System32\USER32.dll
0x00007ffbe36c0000 - 0x00007ffbe36e6000 	C:\WINDOWS\System32\win32u.dll
0x00007ffbe45d0000 - 0x00007ffbe45f9000 	C:\WINDOWS\System32\GDI32.dll
0x00007ffbe33b0000 - 0x00007ffbe34c9000 	C:\WINDOWS\System32\gdi32full.dll
0x00007ffbe34d0000 - 0x00007ffbe356a000 	C:\WINDOWS\System32\msvcp_win.dll
0x00007ffbe35a0000 - 0x00007ffbe36b1000 	C:\WINDOWS\System32\ucrtbase.dll
0x00007ffbe0ce0000 - 0x00007ffbe0f73000 	C:\WINDOWS\WinSxS\amd64_microsoft.windows.common-controls_6595b64144ccf1df_6.0.22621.3672_none_2713b9d173822955\COMCTL32.dll
0x00007ffbe2560000 - 0x00007ffbe256b000 	C:\WINDOWS\SYSTEM32\FLTLIB.DLL
0x00007ffbe4320000 - 0x00007ffbe4351000 	C:\WINDOWS\System32\IMM32.DLL
0x0000000072000000 - 0x0000000072012000 	C:\Xilinx\SDK\2016.3\eclipse\win64.o\plugins\org.eclipse.equinox.launcher.win32.win32.x86_64_1.1.300.v20150602-1417\eclipse_1611.dll
0x00007ffbe2570000 - 0x00007ffbe257a000 	C:\WINDOWS\SYSTEM32\VERSION.dll
0x00007ffbdf280000 - 0x00007ffbdf330000 	C:\WINDOWS\system32\uxtheme.dll
0x00007ffbe4e80000 - 0x00007ffbe520d000 	C:\WINDOWS\System32\combase.dll
0x0000000002ba0000 - 0x0000000002cfb000 	C:\WINDOWS\System32\MSCTF.dll
0x0000000067390000 - 0x0000000067c19000 	C:\Xilinx\SDK\2016.3\tps\win64\jre\bin\server\jvm.dll
0x00007ffbe56c0000 - 0x00007ffbe56c8000 	C:\WINDOWS\System32\PSAPI.DLL
0x00007ffba1d80000 - 0x00007ffba1d89000 	C:\WINDOWS\SYSTEM32\WSOCK32.dll
0x00007ffbe53c0000 - 0x00007ffbe5431000 	C:\WINDOWS\System32\WS2_32.dll
0x00007ffbd22d0000 - 0x00007ffbd2304000 	C:\WINDOWS\SYSTEM32\WINMM.dll
0x0000000069930000 - 0x0000000069a02000 	C:\WINDOWS\SYSTEM32\MSVCR100.dll
0x0000000067250000 - 0x000000006725f000 	C:\Xilinx\SDK\2016.3\tps\win64\jre\bin\verify.dll
0x0000000067220000 - 0x0000000067249000 	C:\Xilinx\SDK\2016.3\tps\win64\jre\bin\java.dll
0x00007ffb597b0000 - 0x00007ffb5985d000 	C:\Program Files\SentinelOne\Sentinel Agent 23.4.4.223\SentinelJava64.dll
0x00007ffbe55b0000 - 0x00007ffbe560e000 	C:\WINDOWS\System32\SHLWAPI.dll
0x00007ffbe5210000 - 0x00007ffbe53b5000 	C:\WINDOWS\System32\ole32.dll
0x0000000067200000 - 0x0000000067216000 	C:\Xilinx\SDK\2016.3\tps\win64\jre\bin\zip.dll
0x00007ffbe4610000 - 0x00007ffbe4e78000 	C:\WINDOWS\System32\SHELL32.dll
0x00007ffbe03e0000 - 0x00007ffbe0cde000 	C:\WINDOWS\SYSTEM32\windows.storage.dll
0x00007ffbe02a0000 - 0x00007ffbe03df000 	C:\WINDOWS\SYSTEM32\wintypes.dll
0x00007ffbe56d0000 - 0x00007ffbe57c9000 	C:\WINDOWS\System32\SHCORE.dll
0x00007ffbe3080000 - 0x00007ffbe30a1000 	C:\WINDOWS\SYSTEM32\profapi.dll
0x00007ffbe2a80000 - 0x00007ffbe2a9b000 	C:\WINDOWS\SYSTEM32\CRYPTSP.dll
0x00007ffbe1a10000 - 0x00007ffbe1a45000 	C:\WINDOWS\system32\rsaenh.dll
0x00007ffbe1fe0000 - 0x00007ffbe2008000 	C:\WINDOWS\SYSTEM32\USERENV.dll
0x00007ffbe3330000 - 0x00007ffbe33ab000 	C:\WINDOWS\System32\bcryptprimitives.dll
0x00007ffbe2140000 - 0x00007ffbe214c000 	C:\WINDOWS\SYSTEM32\CRYPTBASE.dll
0x00000000671e0000 - 0x00000000671fa000 	C:\Xilinx\SDK\2016.3\tps\win64\jre\bin\net.dll
0x00007ffbe1ee0000 - 0x00007ffbe1f49000 	C:\WINDOWS\system32\mswsock.dll
0x00007ffbe12b0000 - 0x00007ffbe12dd000 	C:\WINDOWS\SYSTEM32\IPHLPAPI.DLL
0x00007ffbe4600000 - 0x00007ffbe4609000 	C:\WINDOWS\System32\NSI.dll
0x00007ffbd23d0000 - 0x00007ffbd23e9000 	C:\WINDOWS\SYSTEM32\dhcpcsvc6.DLL
0x00007ffbd2230000 - 0x00007ffbd224f000 	C:\WINDOWS\SYSTEM32\dhcpcsvc.DLL
0x00007ffbe12e0000 - 0x00007ffbe13d8000 	C:\WINDOWS\SYSTEM32\DNSAPI.dll
0x00000000671c0000 - 0x00000000671d1000 	C:\Xilinx\SDK\2016.3\tps\win64\jre\bin\nio.dll
0x00007ffbe1ab0000 - 0x00007ffbe1ac8000 	C:\WINDOWS\SYSTEM32\kernel.appcore.dll
0x00007ffbcfa60000 - 0x00007ffbcfbae000 	C:\WINDOWS\SYSTEM32\textinputframework.dll
0x00007ffbe5d10000 - 0x00007ffbe5de7000 	C:\WINDOWS\System32\OLEAUT32.dll
0x00007ffbdea70000 - 0x00007ffbdeba3000 	C:\WINDOWS\SYSTEM32\CoreMessaging.dll
0x00007ffbd9940000 - 0x00007ffbd9cad000 	C:\WINDOWS\SYSTEM32\CoreUIComponents.dll
0x00007ffbcc500000 - 0x00007ffbcc517000 	C:\WINDOWS\system32\napinsp.dll
0x00007ffbcc320000 - 0x00007ffbcc33b000 	C:\WINDOWS\system32\pnrpnsp.dll
0x00007ffbcc070000 - 0x00007ffbcc081000 	C:\WINDOWS\System32\winrnr.dll
0x00007ffbcbee0000 - 0x00007ffbcbef5000 	C:\WINDOWS\system32\wshbth.dll
0x00007ffbcbeb0000 - 0x00007ffbcbed7000 	C:\WINDOWS\system32\nlansp_c.dll
0x00007ffbd1310000 - 0x00007ffbd131a000 	C:\Windows\System32\rasadhlp.dll
0x00007ffbd1720000 - 0x00007ffbd17a3000 	C:\WINDOWS\System32\fwpuclnt.dll
0x000000001eb40000 - 0x000000001ebe8000 	C:\Users\deesh\.Xilinx\SDK\2016.3\org.eclipse.osgi\319\0\.cp\swt-win32-4527.dll
0x00007ffbe5c10000 - 0x00007ffbe5d0f000 	C:\WINDOWS\System32\comdlg32.dll
0x00007ffbe31c0000 - 0x00007ffbe3327000 	C:\WINDOWS\System32\CRYPT32.dll
0x00007ffbc7010000 - 0x00007ffbc70b7000 	C:\WINDOWS\SYSTEM32\WINSPOOL.DRV
0x00007ffbaa500000 - 0x00007ffbaa519000 	C:\WINDOWS\SYSTEM32\USP10.dll
0x00007ffbbf7c0000 - 0x00007ffbbfcbe000 	C:\WINDOWS\SYSTEM32\WININET.dll
0x00007ffbda060000 - 0x00007ffbda160000 	C:\WINDOWS\SYSTEM32\propsys.dll
0x00007ffbe5610000 - 0x00007ffbe56c0000 	C:\WINDOWS\System32\clbcatq.dll
0x00007ffba60f0000 - 0x00007ffba62a5000 	C:\Windows\System32\TaskFlowDataEngine.dll
0x000000001f220000 - 0x000000001f23e000 	C:\Users\deesh\.Xilinx\SDK\2016.3\org.eclipse.osgi\319\0\.cp\swt-gdip-win32-4527.dll
0x00007ffbc70d0000 - 0x00007ffbc7289000 	C:\WINDOWS\WinSxS\amd64_microsoft.windows.gdiplus_6595b64144ccf1df_1.1.22621.3810_none_57f8d842ce19d879\gdiplus.dll
0x00007ffbdf080000 - 0x00007ffbdf231000 	C:\WINDOWS\SYSTEM32\WindowsCodecs.dll
0x00007ffbcf9b0000 - 0x00007ffbcfa60000 	C:\WINDOWS\SYSTEM32\TextShaping.dll
0x00007ffbc6fa0000 - 0x00007ffbc7009000 	C:\WINDOWS\SYSTEM32\oleacc.dll
0x00007ffb9fec0000 - 0x00007ffb9ff02000 	C:\WINDOWS\system32\mlang.dll
0x00007ffb8c5f0000 - 0x00007ffb8c64e000 	C:\WINDOWS\system32\dataexchange.dll
0x00007ffbdb600000 - 0x00007ffbdb88a000 	C:\WINDOWS\system32\twinapi.appcore.dll
0x00007ffb040c0000 - 0x00007ffb04891000 	C:\Windows\System32\ieframe.dll
0x00007ffbdb150000 - 0x00007ffbdb40e000 	C:\Windows\System32\iertutil.dll
0x00007ffbd65e0000 - 0x00007ffbd6716000 	C:\Windows\System32\WINHTTP.dll
0x00007ffbe57d0000 - 0x00007ffbe584d000 	C:\WINDOWS\System32\coml2.dll
0x00007ffbe2fb0000 - 0x00007ffbe3053000 	C:\WINDOWS\SYSTEM32\sxs.dll
0x00007ffbdb410000 - 0x00007ffbdb600000 	C:\WINDOWS\SYSTEM32\urlmon.dll
0x00007ffbe1530000 - 0x00007ffbe1558000 	C:\WINDOWS\SYSTEM32\srvcli.dll
0x00007ffbe1650000 - 0x00007ffbe165c000 	C:\WINDOWS\SYSTEM32\netutils.dll
0x00007ffba0bd0000 - 0x00007ffba0c1b000 	C:\WINDOWS\SYSTEM32\msIso.dll
0x00007ffb02a90000 - 0x00007ffb040b9000 	C:\Windows\System32\mshtml.dll
0x00007ffbe1cd0000 - 0x00007ffbe1d13000 	C:\Windows\System32\SspiCli.dll
0x00007ffbe26c0000 - 0x00007ffbe270d000 	C:\WINDOWS\SYSTEM32\powrprof.dll
0x00007ffbd18f0000 - 0x00007ffbd190a000 	C:\Windows\System32\wkscli.dll
0x00007ffbe1850000 - 0x00007ffbe1863000 	C:\WINDOWS\SYSTEM32\UMPDC.dll
0x00007ffb85a90000 - 0x00007ffb85abe000 	C:\Windows\System32\srpapi.dll
0x00007ffb24150000 - 0x00007ffb24644000 	C:\Windows\System32\jscript9.dll
0x00007ffb8a520000 - 0x00007ffb8a533000 	C:\WINDOWS\system32\msimtf.dll
0x00007ffbdf3f0000 - 0x00007ffbdf4e7000 	C:\Windows\System32\dxgi.dll
0x00007ffbdfa40000 - 0x00007ffbdfa77000 	C:\WINDOWS\SYSTEM32\dxcore.dll
0x00007ffbe1890000 - 0x00007ffbe189c000 	C:\WINDOWS\SYSTEM32\Secur32.dll
0x00007ffbdad90000 - 0x00007ffbdadd9000 	C:\WINDOWS\SYSTEM32\directxdatabasehelper.dll
0x00007ffbb0480000 - 0x00007ffbb0496000 	C:\WINDOWS\SYSTEM32\virtdisk.dll
0x00007ffbbbf00000 - 0x00007ffbbc0ec000 	C:\WINDOWS\SYSTEM32\AudioSes.DLL
0x00007ffbdd710000 - 0x00007ffbddcfe000 	C:\Windows\System32\d2d1.dll
0x00007ffbdd490000 - 0x00007ffbdd703000 	C:\Windows\System32\DWrite.dll
0x00007ffbddd00000 - 0x00007ffbddf57000 	C:\Windows\System32\d3d11.dll
0x00007ffbde210000 - 0x00007ffbde259000 	C:\WINDOWS\system32\windowscodecsext.dll
0x00007ffbde1f0000 - 0x00007ffbde201000 	C:\Users\deesh\.Xilinx\SDK\2016.3\org.eclipse.osgi\136\0\.cp\jWinHttp-1.0.0.dll
0x000000002f680000 - 0x000000002f692000 	C:\Users\deesh\.Xilinx\SDK\2016.3\org.eclipse.osgi\133\0\.cp\os\win32\x86_64\localfile_1_0_0.dll
0x00007ffbe2620000 - 0x00007ffbe262f000 	C:\Xilinx\SDK\2016.3\lib\win64.o\librdi_repo_manager.dll
0x00007ffbdaee0000 - 0x00007ffbdaf0a000 	C:\Xilinx\SDK\2016.3\lib\win64.o\libisl_sysinfo.dll
0x00007ffb01fe0000 - 0x00007ffb02a89000 	C:\Xilinx\SDK\2016.3\lib\win64.o\librdi_common.dll
0x00007ffbcf2d0000 - 0x00007ffbcf323000 	C:\Xilinx\SDK\2016.3\lib\win64.o\librdi_commonxillic.dll
0x00007ffbc5dc0000 - 0x00007ffbc5fb8000 	C:\Xilinx\SDK\2016.3\lib\win64.o\librdi_hsm.dll
0x00007ffb8a2f0000 - 0x00007ffb8a397000 	C:\WINDOWS\SYSTEM32\MSVCP110.dll
0x00007ffb59670000 - 0x00007ffb59744000 	C:\WINDOWS\SYSTEM32\MSVCR110.dll
0x00007ffb01c70000 - 0x00007ffb01fde000 	C:\Xilinx\SDK\2016.3\lib\win64.o\libCOIN-all.dll
0x00007ffb01a50000 - 0x00007ffb01c6f000 	C:\Xilinx\SDK\2016.3\lib\win64.o\libXil_lmgr11.dll
0x00007ffbe3150000 - 0x00007ffbe31bb000 	C:\WINDOWS\System32\WINTRUST.dll
0x00007ffbdefc0000 - 0x00007ffbdefd0000 	C:\Xilinx\SDK\2016.3\lib\win64.o\libboost_date_time.dll
0x00007ffbd2260000 - 0x00007ffbd2284000 	C:\Xilinx\SDK\2016.3\lib\win64.o\libboost_filesystem.dll
0x00007ffbcd6c0000 - 0x00007ffbcd737000 	C:\Xilinx\SDK\2016.3\lib\win64.o\libboost_program_options.dll
0x00007ffbc0550000 - 0x00007ffbc0656000 	C:\Xilinx\SDK\2016.3\lib\win64.o\libboost_regex.dll

VM Arguments:
jvm_args: -Dcom.xilinx.sdk.args.hwspec=H:/project_3/project_3.sdk/design_1_wrapper.hdf -Xms64m -Xmx512m & -agentpath:C:\Program Files\SentinelOne\Sentinel Agent 23.4.4.223\SentinelJava64.dll=extendedCapabilities 
java_command: <unknown>
java_class_path (initial): C:\Xilinx\SDK\2016.3\eclipse\win64.o\\plugins/org.eclipse.equinox.launcher_1.3.100.v20150511-1540.jar
Launcher Type: generic

Environment Variables:
JAVA_HOME=C:\Program Files\Eclipse Adoptium\jre-8.0.422.5-hotspot\
USERNAME=deesh
OS=Windows_NT
PROCESSOR_IDENTIFIER=Intel64 Family 6 Model 183 Stepping 1, GenuineIntel



---------------  S Y S T E M  ---------------

OS: Windows 10.0 , 64 bit Build 22621 (10.0.22621.3958)

CPU:total 28 (14 cores per cpu, 2 threads per core) family 6 model 183 stepping 1, cmov, cx8, fxsr, mmx, sse, sse2, sse3, ssse3, sse4.1, sse4.2, popcnt, avx, avx2, aes, clmul, erms, 3dnowpref, lzcnt, ht, tsc, tscinvbit, bmi1, bmi2, adx

Memory: 4k page, physical 33233644k(19938980k free), swap 66467288k(50744356k free)

vm_info: Java HotSpot(TM) 64-Bit Server VM (25.66-b18) for windows-amd64 JRE (1.8.0_66-b18), built on Nov  9 2015 10:51:13 by "java_re" with MS VC++ 10.0 (VS2010)

time: Fri Nov 22 17:26:24 2024
elapsed time: 3877 seconds (0d 1h 4m 37s)

