#
# A fatal error has been detected by the Java Runtime Environment:
#
#  EXCEPTION_UNCAUGHT_CXX_EXCEPTION (0xe06d7363) at pc=0x00007ff998fdfabc, pid=20160, tid=16360
#
# JRE version: Java(TM) SE Runtime Environment (8.0_66-b18) (build 1.8.0_66-b18)
# Java VM: Java HotSpot(TM) 64-Bit Server VM (25.66-b18 mixed mode windows-amd64 compressed oops)
# Problematic frame:
# C  [KERNELBASE.dll+0x5fabc]
#
# Failed to write core dump. Minidumps are not enabled by default on client versions of Windows
#
# If you would like to submit a bug report, please visit:
#   http://bugreport.java.com/bugreport/crash.jsp
#

---------------  T H R E A D  ---------------

Current thread (0x0000000015ca1800):  VMThread [stack: 0x000000001a3f0000,0x000000001a4f0000] [id=16360]

siginfo: ExceptionCode=0xe06d7363, ExceptionInformation=0x0000000019930520 0x000000001a4ef408 0x00007ff92bdc2cb8 0x00007ff92bd10000 

Registers:
RAX=0x000000001a4eec10, RBX=0x00007ff92bdc2cb8, RCX=0x000000000100000a, RDX=0x000000001a4eeeb0
RSP=0x000000001a4ef250, RBP=0x000000001a4ef390, RSI=0x00000000ffffffff, RDI=0x00000000027817e0
R8 =0x000000001a4eebf0, R9 =0x0000000000000020, R10=0x0000000000000020, R11=0x0000000000000000
R12=0x0000000000000001, R13=0x0000000000000008, R14=0x0000000000000000, R15=0xffffffffffffffff
RIP=0x00007ff998fdfabc, EFLAGS=0x0000000000000202

Top of Stack: (sp=0x000000001a4ef250)
0x000000001a4ef250:   000000001a4ef2b0 00007ff92bdc2cb8
0x000000001a4ef260:   00000000ffffffff deadbeefdeadbeef
0x000000001a4ef270:   00000081e06d7363 0000000000000000
0x000000001a4ef280:   00007ff998fdfabc deadbeef00000004
0x000000001a4ef290:   0000000019930520 000000001a4ef408
0x000000001a4ef2a0:   00007ff92bdc2cb8 00007ff92bd10000
0x000000001a4ef2b0:   00007ff900000000 00007ff99b683800
0x000000001a4ef2c0:   0000000000000000 00007ff92bdc2cb8
0x000000001a4ef2d0:   0000000000000000 00007ff99b6a6a8f
0x000000001a4ef2e0:   000000001a4ef3a0 00007ff92bdd9000
0x000000001a4ef2f0:   00000000ffffffff 00000000027817e0
0x000000001a4ef300:   00007ff92bdd9000 00007ff92bd10000
0x000000001a4ef310:   0000c6d1d24ab2d3 000000000000003f
0x000000001a4ef320:   00007ff92bdc2cb8 00007ff92bd6e92c
0x000000001a4ef330:   ffffffff0000001f 0000000000000000
0x000000001a4ef340:   0000000000000008 0000000000000001 

Instructions: (pc=0x00007ff998fdfabc)
0x00007ff998fdfa9c:   0f 46 c0 44 8b c0 44 89 44 24 38 49 c1 e0 03 e8
0x00007ff998fdfaac:   f7 22 07 00 48 8d 4c 24 20 48 ff 15 04 53 20 00
0x00007ff998fdfabc:   0f 1f 44 00 00 48 8b 8c 24 c0 00 00 00 48 33 cc
0x00007ff998fdfacc:   e8 4f 09 05 00 48 81 c4 d8 00 00 00 c3 cc 83 64 


Register to memory mapping:

RAX=0x000000001a4eec10 is an unknown value
RBX=0x00007ff92bdc2cb8 is an unknown value
RCX=0x000000000100000a is an unknown value
RDX=0x000000001a4eeeb0 is an unknown value
RSP=0x000000001a4ef250 is an unknown value
RBP=0x000000001a4ef390 is an unknown value
RSI=0x00000000ffffffff is an unallocated location in the heap
RDI=0x00000000027817e0 is an unknown value
R8 =0x000000001a4eebf0 is an unknown value
R9 =0x0000000000000020 is an unknown value
R10=0x0000000000000020 is an unknown value
R11=0x0000000000000000 is an unknown value
R12=0x0000000000000001 is an unknown value
R13=0x0000000000000008 is an unknown value
R14=0x0000000000000000 is an unknown value
R15=0xffffffffffffffff is an unknown value


Stack: [0x000000001a3f0000,0x000000001a4f0000],  sp=0x000000001a4ef250,  free space=1020k
Native frames: (J=compiled Java code, j=interpreted, Vv=VM code, C=native code)
C  [KERNELBASE.dll+0x5fabc]
C  [MSVCR110.dll+0x5e92c]
C  [MSVCR110.dll+0x1315c]
C  [MSVCR110.dll+0x136a9]
C  [MSVCR110.dll+0x13e9c]
C  [MSVCR110.dll+0x239e]
C  [MSVCR110.dll+0xaf9e]
C  [MSVCP110.dll+0x397b9]
C  [librdi_common.dll+0x183a66]
C  [librdi_common.dll+0x1826fb]
C  0x00007ff992fc2400
C  0x00007ff992fc2682
C  [ntdll.dll+0x28b7f]
C  [ntdll.dll+0x51586]
C  [ntdll.dll+0x5117d]
C  [KERNEL32.DLL+0x17fab]
C  [MSVCR100.dll+0x20ccd]
V  [jvm.dll+0x210cc5]
V  [jvm.dll+0x249897]
V  [jvm.dll+0x248b36]
V  [jvm.dll+0x248fd1]
V  [jvm.dll+0x2491ee]
V  [jvm.dll+0x29a0fa]
C  [MSVCR100.dll+0x21d9f]
C  [MSVCR100.dll+0x21e3b]
C  [KERNEL32.DLL+0x1257d]
C  [ntdll.dll+0x5af28]

VM_Operation (0x000000000014f490): Exit, mode: safepoint, requested by thread 0x00000000037f4000


---------------  P R O C E S S  ---------------

Java Threads: ( => current thread )
  0x000000001d4b6800 JavaThread "pool-2-thread-10" [_thread_blocked, id=28300, stack(0x0000000037320000,0x0000000037420000)]
  0x0000000020a5c000 JavaThread "pool-2-thread-9" [_thread_blocked, id=27608, stack(0x0000000037020000,0x0000000037120000)]
  0x0000000020a5b800 JavaThread "pool-2-thread-8" [_thread_blocked, id=19584, stack(0x0000000036e20000,0x0000000036f20000)]
  0x000000001be21800 JavaThread "pool-2-thread-7" [_thread_blocked, id=16876, stack(0x000000002c4a0000,0x000000002c5a0000)]
  0x000000001be24800 JavaThread "pool-2-thread-6" [_thread_blocked, id=11732, stack(0x000000003bf30000,0x000000003c030000)]
  0x0000000020a57800 JavaThread "pool-2-thread-5" [_thread_blocked, id=19804, stack(0x000000002fb90000,0x000000002fc90000)]
  0x0000000020a5a000 JavaThread "pool-2-thread-4" [_thread_blocked, id=2376, stack(0x0000000036d20000,0x0000000036e20000)]
  0x000000001e441800 JavaThread "pool-2-thread-3" [_thread_blocked, id=2368, stack(0x000000002d8a0000,0x000000002d9a0000)]
  0x000000001e43f800 JavaThread "pool-2-thread-2" [_thread_blocked, id=26404, stack(0x0000000036c20000,0x0000000036d20000)]
  0x000000001e43e800 JavaThread "pool-2-thread-1" [_thread_blocked, id=12164, stack(0x0000000036b20000,0x0000000036c20000)]
  0x000000001e43e000 JavaThread "Thread-42" daemon [_thread_blocked, id=26120, stack(0x0000000035c50000,0x0000000035d50000)]
  0x000000001be19800 JavaThread "TCF Channel Transmitter" daemon [_thread_blocked, id=3548, stack(0x000000002cba0000,0x000000002cca0000)]
  0x000000001be20000 JavaThread "TCF Channel Receiver" daemon [_thread_in_native, id=23780, stack(0x000000002c9a0000,0x000000002caa0000)]
  0x000000001be1e800 JavaThread "Process monitor" daemon [_thread_in_native, id=15156, stack(0x000000002c1a0000,0x000000002c2a0000)]
  0x000000001be18800 JavaThread "Input Stream Monitor" daemon [_thread_blocked, id=5200, stack(0x000000002c0a0000,0x000000002c1a0000)]
  0x000000001be1e000 JavaThread "Output Stream Monitor" daemon [_thread_in_native, id=15936, stack(0x000000002bfa0000,0x000000002c0a0000)]
  0x000000001be1a000 JavaThread "Output Stream Monitor" daemon [_thread_in_native, id=23060, stack(0x000000002bea0000,0x000000002bfa0000)]
  0x000000001be1b000 JavaThread "TCF Locator DNS Lookup" daemon [_thread_blocked, id=23252, stack(0x000000002b930000,0x000000002ba30000)]
  0x000000001be16800 JavaThread "TCF Locator Timer" daemon [_thread_blocked, id=24068, stack(0x000000002b410000,0x000000002b510000)]
  0x000000001be1b800 JavaThread "TCF Locator Receiver" daemon [_thread_in_native, id=24064, stack(0x000000002afa0000,0x000000002b0a0000)]
  0x000000001ccc9000 JavaThread "TCF Timer Dispatcher" daemon [_thread_blocked, id=22332, stack(0x000000002aba0000,0x000000002aca0000)]
  0x000000001ccc6000 JavaThread "EMF Reference Cleaner" daemon [_thread_blocked, id=24052, stack(0x0000000022c90000,0x0000000022d90000)]
  0x0000000017f34800 JavaThread "Service Thread" daemon [_thread_blocked, id=2480, stack(0x000000001b6f0000,0x000000001b7f0000)]
  0x0000000017f00800 JavaThread "C1 CompilerThread11" daemon [_thread_blocked, id=19784, stack(0x000000001b5f0000,0x000000001b6f0000)]
  0x0000000017ef6000 JavaThread "C1 CompilerThread10" daemon [_thread_blocked, id=21176, stack(0x000000001b4f0000,0x000000001b5f0000)]
  0x0000000017eea000 JavaThread "C1 CompilerThread9" daemon [_thread_blocked, id=14216, stack(0x000000001b3f0000,0x000000001b4f0000)]
  0x0000000017ed7800 JavaThread "C1 CompilerThread8" daemon [_thread_blocked, id=13748, stack(0x000000001b2f0000,0x000000001b3f0000)]
  0x0000000017ed2800 JavaThread "C2 CompilerThread7" daemon [_thread_blocked, id=2372, stack(0x000000001b1f0000,0x000000001b2f0000)]
  0x0000000017ec9000 JavaThread "C2 CompilerThread6" daemon [_thread_blocked, id=19588, stack(0x000000001b0f0000,0x000000001b1f0000)]
  0x0000000017ebe000 JavaThread "C2 CompilerThread5" daemon [_thread_blocked, id=17204, stack(0x000000001aff0000,0x000000001b0f0000)]
  0x0000000015cbe800 JavaThread "C2 CompilerThread4" daemon [_thread_blocked, id=23660, stack(0x000000001aef0000,0x000000001aff0000)]
  0x0000000015cbd800 JavaThread "C2 CompilerThread3" daemon [_thread_blocked, id=9716, stack(0x000000001adf0000,0x000000001aef0000)]
  0x0000000015cbb000 JavaThread "C2 CompilerThread2" daemon [_thread_blocked, id=23764, stack(0x000000001acf0000,0x000000001adf0000)]
  0x0000000015cba000 JavaThread "C2 CompilerThread1" daemon [_thread_blocked, id=9792, stack(0x000000001abf0000,0x000000001acf0000)]
  0x0000000017e7e800 JavaThread "C2 CompilerThread0" daemon [_thread_blocked, id=21912, stack(0x000000001aaf0000,0x000000001abf0000)]
  0x0000000017e75000 JavaThread "Attach Listener" daemon [_thread_blocked, id=19640, stack(0x000000001a9f0000,0x000000001aaf0000)]
  0x0000000017e74800 JavaThread "Signal Dispatcher" daemon [_thread_blocked, id=23656, stack(0x000000001a8f0000,0x000000001a9f0000)]
  0x0000000017e4c800 JavaThread "Finalizer" daemon [_thread_blocked, id=4944, stack(0x000000001a5f0000,0x000000001a6f0000)]
  0x0000000017e45800 JavaThread "Reference Handler" daemon [_thread_blocked, id=16140, stack(0x000000001a4f0000,0x000000001a5f0000)]
  0x00000000037f4000 JavaThread "main" [_thread_blocked, id=21792, stack(0x0000000000050000,0x0000000000150000)]

Other Threads:
=>0x0000000015ca1800 VMThread [stack: 0x000000001a3f0000,0x000000001a4f0000] [id=16360]

VM state:at safepoint (shutting down)

VM Mutex/Monitor currently owned by a thread:  ([mutex/lock_event])
[0x00000000037f0b50] Threads_lock - owner thread: 0x0000000015ca1800

Heap:
 PSYoungGen      total 74240K, used 59103K [0x00000000f5580000, 0x00000000fa100000, 0x0000000100000000)
  eden space 71168K, 83% used [0x00000000f5580000,0x00000000f8f37f68,0x00000000f9b00000)
  from space 3072K, 0% used [0x00000000f9e00000,0x00000000f9e00000,0x00000000fa100000)
  to   space 3072K, 0% used [0x00000000f9b00000,0x00000000f9b00000,0x00000000f9e00000)
 ParOldGen       total 144384K, used 69172K [0x00000000e0000000, 0x00000000e8d00000, 0x00000000f5580000)
  object space 144384K, 47% used [0x00000000e0000000,0x00000000e438d258,0x00000000e8d00000)
 Metaspace       used 103887K, capacity 111218K, committed 111744K, reserved 1146880K
  class space    used 11842K, capacity 14079K, committed 14208K, reserved 1048576K

Card table byte_map: [0x0000000012cb0000,0x0000000012dc0000] byte_map_base: 0x00000000125b0000

Marking Bits: (ParMarkBitMap*) 0x00000000718ea5b0
 Begin Bits: [0x00000000141c0000, 0x00000000149c0000)
 End Bits:   [0x00000000149c0000, 0x00000000151c0000)

Polling page: 0x0000000000eb0000

CodeCache: size=245760Kb used=91333Kb max_used=91347Kb free=154426Kb
 bounds [0x00000000038f0000, 0x00000000092d0000, 0x00000000128f0000]
 total_blobs=22210 nmethods=21297 adapters=814
 compilation: enabled

Compilation events (10 events):
Event: 9590.354 Thread 0x0000000017ed7800 27358       3       org.eclipse.osgi.internal.loader.ModuleClassLoader::close (8 bytes)
Event: 9590.354 Thread 0x0000000015cbe800 nmethod 27336 0x00000000092c8690 code [0x00000000092c8980, 0x00000000092cb1f0]
Event: 9590.354 Thread 0x0000000017ef6000 27361       3       java.util.concurrent.atomic.AtomicReference::getAndSet (12 bytes)
Event: 9590.354 Thread 0x0000000017eea000 nmethod 27357 0x00000000092a4650 code [0x00000000092a4840, 0x00000000092a5298]
Event: 9590.354 Thread 0x0000000017eea000 27362       3       sun.misc.Unsafe::getAndSetObject (24 bytes)
Event: 9590.354 Thread 0x0000000017ed7800 nmethod 27358 0x000000000929cf50 code [0x000000000929d0c0, 0x000000000929d338]
Event: 9590.354 Thread 0x0000000017eea000 nmethod 27362 0x00000000092a24d0 code [0x00000000092a2640, 0x00000000092a2850]
Event: 9590.354 Thread 0x0000000017ef6000 nmethod 27361 0x00000000092a42d0 code [0x00000000092a4420, 0x00000000092a4590]
Event: 9590.355 Thread 0x0000000017eea000 27363       3       org.eclipse.osgi.internal.framework.EquinoxContainerAdaptor::invalidateWiring (186 bytes)
Event: 9590.355 Thread 0x0000000017ef6000 27364       3       org.eclipse.osgi.internal.framework.EquinoxContainerAdaptor::clearManifestCache (84 bytes)

GC Heap History (10 events):
Event: 9465.062 GC heap before
{Heap before GC invocations=210 (full 68):
 PSYoungGen      total 73728K, used 224K [0x00000000f5580000, 0x00000000fa100000, 0x0000000100000000)
  eden space 71168K, 0% used [0x00000000f5580000,0x00000000f5580000,0x00000000f9b00000)
  from space 2560K, 8% used [0x00000000f9e80000,0x00000000f9eb8000,0x00000000fa100000)
  to   space 3072K, 0% used [0x00000000f9b00000,0x00000000f9b00000,0x00000000f9e00000)
 ParOldGen       total 144384K, used 69124K [0x00000000e0000000, 0x00000000e8d00000, 0x00000000f5580000)
  object space 144384K, 47% used [0x00000000e0000000,0x00000000e4381220,0x00000000e8d00000)
 Metaspace       used 103285K, capacity 110666K, committed 111104K, reserved 1146880K
  class space    used 11778K, capacity 13983K, committed 14080K, reserved 1048576K
Event: 9465.142 GC heap after
Heap after GC invocations=210 (full 68):
 PSYoungGen      total 73728K, used 0K [0x00000000f5580000, 0x00000000fa100000, 0x0000000100000000)
  eden space 71168K, 0% used [0x00000000f5580000,0x00000000f5580000,0x00000000f9b00000)
  from space 2560K, 0% used [0x00000000f9e80000,0x00000000f9e80000,0x00000000fa100000)
  to   space 3072K, 0% used [0x00000000f9b00000,0x00000000f9b00000,0x00000000f9e00000)
 ParOldGen       total 144384K, used 69122K [0x00000000e0000000, 0x00000000e8d00000, 0x00000000f5580000)
  object space 144384K, 47% used [0x00000000e0000000,0x00000000e4380b18,0x00000000e8d00000)
 Metaspace       used 103285K, capacity 110666K, committed 111104K, reserved 1146880K
  class space    used 11778K, capacity 13983K, committed 14080K, reserved 1048576K
}
Event: 9525.063 GC heap before
{Heap before GC invocations=211 (full 68):
 PSYoungGen      total 73728K, used 1574K [0x00000000f5580000, 0x00000000fa100000, 0x0000000100000000)
  eden space 71168K, 2% used [0x00000000f5580000,0x00000000f57098b0,0x00000000f9b00000)
  from space 2560K, 0% used [0x00000000f9e80000,0x00000000f9e80000,0x00000000fa100000)
  to   space 3072K, 0% used [0x00000000f9b00000,0x00000000f9b00000,0x00000000f9e00000)
 ParOldGen       total 144384K, used 69122K [0x00000000e0000000, 0x00000000e8d00000, 0x00000000f5580000)
  object space 144384K, 47% used [0x00000000e0000000,0x00000000e4380b18,0x00000000e8d00000)
 Metaspace       used 103285K, capacity 110666K, committed 111104K, reserved 1146880K
  class space    used 11778K, capacity 13983K, committed 14080K, reserved 1048576K
Event: 9525.065 GC heap after
Heap after GC invocations=211 (full 68):
 PSYoungGen      total 74240K, used 256K [0x00000000f5580000, 0x00000000fa100000, 0x0000000100000000)
  eden space 71168K, 0% used [0x00000000f5580000,0x00000000f5580000,0x00000000f9b00000)
  from space 3072K, 8% used [0x00000000f9b00000,0x00000000f9b40000,0x00000000f9e00000)
  to   space 3072K, 0% used [0x00000000f9e00000,0x00000000f9e00000,0x00000000fa100000)
 ParOldGen       total 144384K, used 69122K [0x00000000e0000000, 0x00000000e8d00000, 0x00000000f5580000)
  object space 144384K, 47% used [0x00000000e0000000,0x00000000e4380b18,0x00000000e8d00000)
 Metaspace       used 103285K, capacity 110666K, committed 111104K, reserved 1146880K
  class space    used 11778K, capacity 13983K, committed 14080K, reserved 1048576K
}
Event: 9525.065 GC heap before
{Heap before GC invocations=212 (full 69):
 PSYoungGen      total 74240K, used 256K [0x00000000f5580000, 0x00000000fa100000, 0x0000000100000000)
  eden space 71168K, 0% used [0x00000000f5580000,0x00000000f5580000,0x00000000f9b00000)
  from space 3072K, 8% used [0x00000000f9b00000,0x00000000f9b40000,0x00000000f9e00000)
  to   space 3072K, 0% used [0x00000000f9e00000,0x00000000f9e00000,0x00000000fa100000)
 ParOldGen       total 144384K, used 69122K [0x00000000e0000000, 0x00000000e8d00000, 0x00000000f5580000)
  object space 144384K, 47% used [0x00000000e0000000,0x00000000e4380b18,0x00000000e8d00000)
 Metaspace       used 103285K, capacity 110666K, committed 111104K, reserved 1146880K
  class space    used 11778K, capacity 13983K, committed 14080K, reserved 1048576K
Event: 9525.145 GC heap after
Heap after GC invocations=212 (full 69):
 PSYoungGen      total 74240K, used 0K [0x00000000f5580000, 0x00000000fa100000, 0x0000000100000000)
  eden space 71168K, 0% used [0x00000000f5580000,0x00000000f5580000,0x00000000f9b00000)
  from space 3072K, 0% used [0x00000000f9b00000,0x00000000f9b00000,0x00000000f9e00000)
  to   space 3072K, 0% used [0x00000000f9e00000,0x00000000f9e00000,0x00000000fa100000)
 ParOldGen       total 144384K, used 69122K [0x00000000e0000000, 0x00000000e8d00000, 0x00000000f5580000)
  object space 144384K, 47% used [0x00000000e0000000,0x00000000e4380b18,0x00000000e8d00000)
 Metaspace       used 103285K, capacity 110666K, committed 111104K, reserved 1146880K
  class space    used 11778K, capacity 13983K, committed 14080K, reserved 1048576K
}
Event: 9585.076 GC heap before
{Heap before GC invocations=213 (full 69):
 PSYoungGen      total 74240K, used 1573K [0x00000000f5580000, 0x00000000fa100000, 0x0000000100000000)
  eden space 71168K, 2% used [0x00000000f5580000,0x00000000f5709410,0x00000000f9b00000)
  from space 3072K, 0% used [0x00000000f9b00000,0x00000000f9b00000,0x00000000f9e00000)
  to   space 3072K, 0% used [0x00000000f9e00000,0x00000000f9e00000,0x00000000fa100000)
 ParOldGen       total 144384K, used 69122K [0x00000000e0000000, 0x00000000e8d00000, 0x00000000f5580000)
  object space 144384K, 47% used [0x00000000e0000000,0x00000000e4380b18,0x00000000e8d00000)
 Metaspace       used 103285K, capacity 110666K, committed 111104K, reserved 1146880K
  class space    used 11778K, capacity 13983K, committed 14080K, reserved 1048576K
Event: 9585.078 GC heap after
Heap after GC invocations=213 (full 69):
 PSYoungGen      total 74240K, used 320K [0x00000000f5580000, 0x00000000fa100000, 0x0000000100000000)
  eden space 71168K, 0% used [0x00000000f5580000,0x00000000f5580000,0x00000000f9b00000)
  from space 3072K, 10% used [0x00000000f9e00000,0x00000000f9e50000,0x00000000fa100000)
  to   space 3072K, 0% used [0x00000000f9b00000,0x00000000f9b00000,0x00000000f9e00000)
 ParOldGen       total 144384K, used 69122K [0x00000000e0000000, 0x00000000e8d00000, 0x00000000f5580000)
  object space 144384K, 47% used [0x00000000e0000000,0x00000000e4380b18,0x00000000e8d00000)
 Metaspace       used 103285K, capacity 110666K, committed 111104K, reserved 1146880K
  class space    used 11778K, capacity 13983K, committed 14080K, reserved 1048576K
}
Event: 9585.078 GC heap before
{Heap before GC invocations=214 (full 70):
 PSYoungGen      total 74240K, used 320K [0x00000000f5580000, 0x00000000fa100000, 0x0000000100000000)
  eden space 71168K, 0% used [0x00000000f5580000,0x00000000f5580000,0x00000000f9b00000)
  from space 3072K, 10% used [0x00000000f9e00000,0x00000000f9e50000,0x00000000fa100000)
  to   space 3072K, 0% used [0x00000000f9b00000,0x00000000f9b00000,0x00000000f9e00000)
 ParOldGen       total 144384K, used 69122K [0x00000000e0000000, 0x00000000e8d00000, 0x00000000f5580000)
  object space 144384K, 47% used [0x00000000e0000000,0x00000000e4380b18,0x00000000e8d00000)
 Metaspace       used 103285K, capacity 110666K, committed 111104K, reserved 1146880K
  class space    used 11778K, capacity 13983K, committed 14080K, reserved 1048576K
Event: 9585.145 GC heap after
Heap after GC invocations=214 (full 70):
 PSYoungGen      total 74240K, used 0K [0x00000000f5580000, 0x00000000fa100000, 0x0000000100000000)
  eden space 71168K, 0% used [0x00000000f5580000,0x00000000f5580000,0x00000000f9b00000)
  from space 3072K, 0% used [0x00000000f9e00000,0x00000000f9e00000,0x00000000fa100000)
  to   space 3072K, 0% used [0x00000000f9b00000,0x00000000f9b00000,0x00000000f9e00000)
 ParOldGen       total 144384K, used 69172K [0x00000000e0000000, 0x00000000e8d00000, 0x00000000f5580000)
  object space 144384K, 47% used [0x00000000e0000000,0x00000000e438d258,0x00000000e8d00000)
 Metaspace       used 103285K, capacity 110666K, committed 111104K, reserved 1146880K
  class space    used 11778K, capacity 13983K, committed 14080K, reserved 1048576K
}

Deoptimization events (10 events):
Event: 9590.257 Thread 0x000000001d4ae000 Uncommon trap: reason=unstable_if action=reinterpret pc=0x00000000080357ec method=java.lang.Class.getDeclaredMethod(Ljava/lang/String;[Ljava/lang/Class;)Ljava/lang/reflect/Method; @ 21
Event: 9590.293 Thread 0x000000001d4ae000 Uncommon trap: reason=unstable_if action=reinterpret pc=0x00000000052acf6c method=java.io.DataOutputStream.writeUTF(Ljava/lang/String;Ljava/io/DataOutput;)I @ 37
Event: 9590.329 Thread 0x000000001ccc8800 Uncommon trap: reason=unstable_if action=reinterpret pc=0x000000000801c25c method=org.eclipse.osgi.framework.eventmgr.EventManager$EventThread.getNextEvent()Lorg/eclipse/osgi/framework/eventmgr/EventManager$EventThread$Queued; @ 15
Event: 9590.329 Thread 0x000000001fa76000 Uncommon trap: reason=unstable_if action=reinterpret pc=0x00000000064f8588 method=org.eclipse.core.internal.jobs.JobManager.nextJob()Lorg/eclipse/core/runtime/jobs/Job; @ 80
Event: 9590.329 Thread 0x000000001fa76000 Uncommon trap: reason=unstable_if action=reinterpret pc=0x0000000007a59970 method=org.eclipse.core.internal.jobs.WorkerPool.startJob(Lorg/eclipse/core/internal/jobs/Worker;)Lorg/eclipse/core/internal/jobs/InternalJob; @ 177
Event: 9590.329 Thread 0x000000001d4b0800 Uncommon trap: reason=unstable_if action=reinterpret pc=0x00000000064f8588 method=org.eclipse.core.internal.jobs.JobManager.nextJob()Lorg/eclipse/core/runtime/jobs/Job; @ 80
Event: 9590.329 Thread 0x000000001d4b0800 Uncommon trap: reason=unstable_if action=reinterpret pc=0x0000000007a59970 method=org.eclipse.core.internal.jobs.WorkerPool.startJob(Lorg/eclipse/core/internal/jobs/Worker;)Lorg/eclipse/core/internal/jobs/InternalJob; @ 177
Event: 9590.329 Thread 0x000000001d4aa800 Uncommon trap: reason=unstable_if action=reinterpret pc=0x0000000007a59970 method=org.eclipse.core.internal.jobs.WorkerPool.startJob(Lorg/eclipse/core/internal/jobs/Worker;)Lorg/eclipse/core/internal/jobs/InternalJob; @ 177
Event: 9590.348 Thread 0x000000001d4ae000 Uncommon trap: reason=unstable_if action=reinterpret pc=0x0000000003dd1154 method=sun.reflect.UnsafeStaticObjectFieldAccessorImpl.set(Ljava/lang/Object;Ljava/lang/Object;)V @ 13
Event: 9590.352 Thread 0x000000001d0a3800 Uncommon trap: reason=unstable_if action=reinterpret pc=0x000000000801c25c method=org.eclipse.osgi.framework.eventmgr.EventManager$EventThread.getNextEvent()Lorg/eclipse/osgi/framework/eventmgr/EventManager$EventThread$Queued; @ 15

Internal exceptions (10 events):
Event: 9589.491 Thread 0x00000000037f4000 Exception <a 'java/io/FileNotFoundException'> (0x00000000f82655e8) thrown at [C:\re\workspace\8-2-build-windows-amd64-cygwin\jdk8u66\5298\hotspot\src\share\vm\prims\jni.cpp, line 709]
Event: 9589.707 Thread 0x000000001e43b000 Exception <a 'java/lang/InterruptedException'> (0x00000000f873d758) thrown at [C:\re\workspace\8-2-build-windows-amd64-cygwin\jdk8u66\5298\hotspot\src\share\vm\runtime\objectMonitor.cpp, line 1683]
Event: 9590.242 Thread 0x000000001cd01800 Implicit null exception at 0x000000000920e035 to 0x000000000920e3b1
Event: 9590.257 Thread 0x000000001d4ae000 Implicit null exception at 0x00000000092379b4 to 0x0000000009237c39
Event: 9590.329 Thread 0x000000001ccc8800 Exception <a 'java/lang/InterruptedException'> (0x00000000f82a60c8) thrown at [C:\re\workspace\8-2-build-windows-amd64-cygwin\jdk8u66\5298\hotspot\src\share\vm\runtime\objectMonitor.cpp, line 1683]
Event: 9590.348 Thread 0x000000001d4ae000 Implicit null exception at 0x0000000003dd0c85 to 0x0000000003dd1131
Event: 9590.348 Thread 0x000000001cd01800 Exception <a 'java/lang/InterruptedException'> (0x00000000f8cd4c60) thrown at [C:\re\workspace\8-2-build-windows-amd64-cygwin\jdk8u66\5298\hotspot\src\share\vm\runtime\objectMonitor.cpp, line 1683]
Event: 9590.352 Thread 0x000000001d0a3800 Exception <a 'java/lang/InterruptedException'> (0x00000000f7cce890) thrown at [C:\re\workspace\8-2-build-windows-amd64-cygwin\jdk8u66\5298\hotspot\src\share\vm\runtime\objectMonitor.cpp, line 1683]
Event: 9590.352 Thread 0x000000001ccff000 Exception <a 'java/lang/InterruptedException'> (0x00000000f8e5c840) thrown at [C:\re\workspace\8-2-build-windows-amd64-cygwin\jdk8u66\5298\hotspot\src\share\vm\runtime\objectMonitor.cpp, line 1683]
Event: 9590.352 Thread 0x000000001d850800 Exception <a 'java/lang/InterruptedException'> (0x00000000f8e610c8) thrown at [C:\re\workspace\8-2-build-windows-amd64-cygwin\jdk8u66\5298\hotspot\src\share\vm\runtime\objectMonitor.cpp, line 1683]

Events (10 events):
Event: 9590.352 Thread 0x000000001ccff000 Thread exited: 0x000000001ccff000
Event: 9590.352 Thread 0x000000001d850800 Thread exited: 0x000000001d850800
Event: 9590.353 Thread 0x000000001d4ae000 Thread exited: 0x000000001d4ae000
Event: 9590.353 loading class java/util/IdentityHashMap$KeyIterator
Event: 9590.354 loading class java/util/IdentityHashMap$IdentityHashMapIterator
Event: 9590.354 loading class java/util/IdentityHashMap$IdentityHashMapIterator done
Event: 9590.354 loading class java/util/IdentityHashMap$KeyIterator done
Event: 9590.354 Thread 0x000000001d4ac000 Thread added: 0x000000001d4ac000
Event: 9590.355 Thread 0x000000001d4ac000 Thread exited: 0x000000001d4ac000
Event: 9590.355 Executing VM operation: Exit


Dynamic libraries:
0x0000000000400000 - 0x000000000044f000 	C:\Xilinx\SDK\2016.3\eclipse\win64.o\eclipse.exe
0x0000000000c80000 - 0x0000000000e97000 	C:\WINDOWS\SYSTEM32\ntd1l.dll
0x0000000000b50000 - 0x0000000000c14000 	C:\WINDOWS\System32\kern3l32.dll
0x00007ff99b630000 - 0x00007ff99b847000 	C:\WINDOWS\SYSTEM32\ntdll.dll
0x00007ff999670000 - 0x00007ff999734000 	C:\WINDOWS\System32\KERNEL32.DLL
0x00007ff998f80000 - 0x00007ff99932d000 	C:\WINDOWS\System32\KERNELBASE.dll
0x00007ff994b60000 - 0x00007ff994bf7000 	C:\WINDOWS\SYSTEM32\apphelp.dll
0x00007ff998240000 - 0x00007ff998571000 	C:\Program Files\SentinelOne\Sentinel Agent 23.4.4.223\InProcessClient64.dll
0x00007ff99b450000 - 0x00007ff99b502000 	C:\WINDOWS\System32\ADVAPI32.dll
0x00007ff99adc0000 - 0x00007ff99ae67000 	C:\WINDOWS\System32\msvcrt.dll
0x00007ff999d00000 - 0x00007ff999da9000 	C:\WINDOWS\System32\sechost.dll
0x00007ff998a70000 - 0x00007ff998a98000 	C:\WINDOWS\System32\bcrypt.dll
0x00007ff999550000 - 0x00007ff999664000 	C:\WINDOWS\System32\RPCRT4.dll
0x00007ff99b2a0000 - 0x00007ff99b44e000 	C:\WINDOWS\System32\USER32.dll
0x00007ff999330000 - 0x00007ff999356000 	C:\WINDOWS\System32\win32u.dll
0x00007ff999c60000 - 0x00007ff999c89000 	C:\WINDOWS\System32\GDI32.dll
0x00007ff998950000 - 0x00007ff998a69000 	C:\WINDOWS\System32\gdi32full.dll
0x00007ff998d00000 - 0x00007ff998d9a000 	C:\WINDOWS\System32\msvcp_win.dll
0x00007ff998e60000 - 0x00007ff998f71000 	C:\WINDOWS\System32\ucrtbase.dll
0x00007ff97da10000 - 0x00007ff97dca3000 	C:\WINDOWS\WinSxS\amd64_microsoft.windows.common-controls_6595b64144ccf1df_6.0.22621.3672_none_2713b9d173822955\COMCTL32.dll
0x00007ff998220000 - 0x00007ff99822b000 	C:\WINDOWS\SYSTEM32\FLTLIB.DLL
0x00007ff999c20000 - 0x00007ff999c51000 	C:\WINDOWS\System32\IMM32.DLL
0x0000000072000000 - 0x0000000072012000 	C:\Xilinx\SDK\2016.3\eclipse\win64.o\plugins\org.eclipse.equinox.launcher.win32.win32.x86_64_1.1.300.v20150602-1417\eclipse_1611.dll
0x00007ff998230000 - 0x00007ff99823a000 	C:\WINDOWS\SYSTEM32\VERSION.dll
0x00007ff994fe0000 - 0x00007ff995090000 	C:\WINDOWS\system32\uxtheme.dll
0x00007ff99aef0000 - 0x00007ff99b27d000 	C:\WINDOWS\System32\combase.dll
0x00007ff999360000 - 0x00007ff9994bb000 	C:\WINDOWS\System32\MSCTF.dll
0x00000000710e0000 - 0x0000000071969000 	C:\Xilinx\SDK\2016.3\tps\win64\jre\bin\server\jvm.dll
0x00007ff999a40000 - 0x00007ff999a48000 	C:\WINDOWS\System32\PSAPI.DLL
0x00007ff992e00000 - 0x00007ff992e09000 	C:\WINDOWS\SYSTEM32\WSOCK32.dll
0x00007ff99ae70000 - 0x00007ff99aee1000 	C:\WINDOWS\System32\WS2_32.dll
0x00007ff9881c0000 - 0x00007ff9881f4000 	C:\WINDOWS\SYSTEM32\WINMM.dll
0x0000000073730000 - 0x0000000073802000 	C:\WINDOWS\SYSTEM32\MSVCR100.dll
0x0000000070fa0000 - 0x0000000070faf000 	C:\Xilinx\SDK\2016.3\tps\win64\jre\bin\verify.dll
0x0000000070f70000 - 0x0000000070f99000 	C:\Xilinx\SDK\2016.3\tps\win64\jre\bin\java.dll
0x00007ff917090000 - 0x00007ff91713d000 	C:\Program Files\SentinelOne\Sentinel Agent 23.4.4.223\SentinelJava64.dll
0x00007ff99a7d0000 - 0x00007ff99a82e000 	C:\WINDOWS\System32\SHLWAPI.dll
0x00007ff99a620000 - 0x00007ff99a7c5000 	C:\WINDOWS\System32\ole32.dll
0x0000000070f50000 - 0x0000000070f66000 	C:\Xilinx\SDK\2016.3\tps\win64\jre\bin\zip.dll
0x00007ff999db0000 - 0x00007ff99a618000 	C:\WINDOWS\System32\SHELL32.dll
0x00007ff996300000 - 0x00007ff996bfe000 	C:\WINDOWS\SYSTEM32\windows.storage.dll
0x00007ff9961c0000 - 0x00007ff9962ff000 	C:\WINDOWS\SYSTEM32\wintypes.dll
0x000000001a7f0000 - 0x000000001a8e9000 	C:\WINDOWS\System32\SHCORE.dll
0x00007ff998880000 - 0x00007ff9988a1000 	C:\WINDOWS\SYSTEM32\profapi.dll
0x00007ff997de0000 - 0x00007ff997dfb000 	C:\WINDOWS\SYSTEM32\CRYPTSP.dll
0x00007ff997670000 - 0x00007ff9976a5000 	C:\WINDOWS\system32\rsaenh.dll
0x00007ff997c80000 - 0x00007ff997ca8000 	C:\WINDOWS\SYSTEM32\USERENV.dll
0x00007ff998c80000 - 0x00007ff998cfb000 	C:\WINDOWS\System32\bcryptprimitives.dll
0x00007ff997e00000 - 0x00007ff997e0c000 	C:\WINDOWS\SYSTEM32\CRYPTBASE.dll
0x0000000070f30000 - 0x0000000070f4a000 	C:\Xilinx\SDK\2016.3\tps\win64\jre\bin\net.dll
0x00007ff997b80000 - 0x00007ff997be9000 	C:\WINDOWS\system32\mswsock.dll
0x00007ff996ec0000 - 0x00007ff996eed000 	C:\WINDOWS\SYSTEM32\IPHLPAPI.DLL
0x00007ff999c90000 - 0x00007ff999c99000 	C:\WINDOWS\System32\NSI.dll
0x00007ff98f360000 - 0x00007ff98f379000 	C:\WINDOWS\SYSTEM32\dhcpcsvc6.DLL
0x00007ff98e940000 - 0x00007ff98e95f000 	C:\WINDOWS\SYSTEM32\dhcpcsvc.DLL
0x00007ff996ef0000 - 0x00007ff996fe8000 	C:\WINDOWS\SYSTEM32\DNSAPI.dll
0x0000000070f10000 - 0x0000000070f21000 	C:\Xilinx\SDK\2016.3\tps\win64\jre\bin\nio.dll
0x00007ff997710000 - 0x00007ff997728000 	C:\WINDOWS\SYSTEM32\kernel.appcore.dll
0x00007ff9860c0000 - 0x00007ff98620e000 	C:\WINDOWS\SYSTEM32\textinputframework.dll
0x00007ff99b510000 - 0x00007ff99b5e7000 	C:\WINDOWS\System32\OLEAUT32.dll
0x00007ff9947d0000 - 0x00007ff994903000 	C:\WINDOWS\SYSTEM32\CoreMessaging.dll
0x00007ff98f840000 - 0x00007ff98fbad000 	C:\WINDOWS\SYSTEM32\CoreUIComponents.dll
0x00007ff984f00000 - 0x00007ff984f17000 	C:\WINDOWS\system32\napinsp.dll
0x00007ff984fe0000 - 0x00007ff984ffb000 	C:\WINDOWS\system32\pnrpnsp.dll
0x00007ff985260000 - 0x00007ff985271000 	C:\WINDOWS\System32\winrnr.dll
0x00007ff985730000 - 0x00007ff985745000 	C:\WINDOWS\system32\wshbth.dll
0x00007ff985680000 - 0x00007ff9856a7000 	C:\WINDOWS\system32\nlansp_c.dll
0x00007ff9881b0000 - 0x00007ff9881ba000 	C:\Windows\System32\rasadhlp.dll
0x00007ff98c340000 - 0x00007ff98c3c3000 	C:\WINDOWS\System32\fwpuclnt.dll
0x0000000023f80000 - 0x0000000024028000 	C:\Users\bawneet\.Xilinx\SDK\2016.3\org.eclipse.osgi\319\0\.cp\swt-win32-4527.dll
0x00007ff99acc0000 - 0x00007ff99adbf000 	C:\WINDOWS\System32\comdlg32.dll
0x00007ff998b10000 - 0x00007ff998c77000 	C:\WINDOWS\System32\CRYPT32.dll
0x00007ff97d960000 - 0x00007ff97da07000 	C:\WINDOWS\SYSTEM32\WINSPOOL.DRV
0x00007ff984df0000 - 0x00007ff984e09000 	C:\WINDOWS\SYSTEM32\USP10.dll
0x00007ff964b60000 - 0x00007ff96505e000 	C:\WINDOWS\SYSTEM32\WININET.dll
0x00007ff98fdd0000 - 0x00007ff98fed0000 	C:\WINDOWS\SYSTEM32\propsys.dll
0x00007ff999860000 - 0x00007ff999910000 	C:\WINDOWS\System32\clbcatq.dll
0x00007ff953df0000 - 0x00007ff953fa5000 	C:\Windows\System32\TaskFlowDataEngine.dll
0x00000000213d0000 - 0x00000000213ee000 	C:\Users\bawneet\.Xilinx\SDK\2016.3\org.eclipse.osgi\319\0\.cp\swt-gdip-win32-4527.dll
0x00007ff97dcb0000 - 0x00007ff97de69000 	C:\WINDOWS\WinSxS\amd64_microsoft.windows.gdiplus_6595b64144ccf1df_1.1.22621.3810_none_57f8d842ce19d879\gdiplus.dll
0x00007ff994de0000 - 0x00007ff994f91000 	C:\WINDOWS\SYSTEM32\WindowsCodecs.dll
0x00007ff986220000 - 0x00007ff9862d0000 	C:\WINDOWS\SYSTEM32\TextShaping.dll
0x00007ff97d8f0000 - 0x00007ff97d959000 	C:\WINDOWS\SYSTEM32\oleacc.dll
0x00007ff951480000 - 0x00007ff9514c2000 	C:\WINDOWS\system32\mlang.dll
0x00007ff93d850000 - 0x00007ff93d8ae000 	C:\WINDOWS\system32\dataexchange.dll
0x00007ff991360000 - 0x00007ff9915ea000 	C:\WINDOWS\system32\twinapi.appcore.dll
0x00007ff9855e0000 - 0x00007ff9855e7000 	C:\WINDOWS\SYSTEM32\msimg32.dll
0x00007ff97f570000 - 0x00007ff97f581000 	C:\Users\bawneet\.Xilinx\SDK\2016.3\org.eclipse.osgi\136\0\.cp\jWinHttp-1.0.0.dll
0x00007ff98f380000 - 0x00007ff98f4b6000 	C:\WINDOWS\SYSTEM32\WINHTTP.dll
0x0000000180000000 - 0x0000000180012000 	C:\Users\bawneet\.Xilinx\SDK\2016.3\org.eclipse.osgi\133\0\.cp\os\win32\x86_64\localfile_1_0_0.dll
0x00007ff972d10000 - 0x00007ff972d38000 	C:\WINDOWS\SYSTEM32\edputil.dll
0x00007ff985580000 - 0x00007ff98558f000 	C:\Xilinx\SDK\2016.3\lib\win64.o\librdi_repo_manager.dll
0x00007ff97bfa0000 - 0x00007ff97bfca000 	C:\Xilinx\SDK\2016.3\lib\win64.o\libisl_sysinfo.dll
0x00007ff8eb670000 - 0x00007ff8ec119000 	C:\Xilinx\SDK\2016.3\lib\win64.o\librdi_common.dll
0x00007ff93db60000 - 0x00007ff93dbb3000 	C:\Xilinx\SDK\2016.3\lib\win64.o\librdi_commonxillic.dll
0x00007ff92d310000 - 0x00007ff92d508000 	C:\Xilinx\SDK\2016.3\lib\win64.o\librdi_hsm.dll
0x00007ff92c2e0000 - 0x00007ff92c387000 	C:\WINDOWS\SYSTEM32\MSVCP110.dll
0x00007ff92bd10000 - 0x00007ff92bde4000 	C:\WINDOWS\SYSTEM32\MSVCR110.dll
0x00007ff8eb300000 - 0x00007ff8eb66e000 	C:\Xilinx\SDK\2016.3\lib\win64.o\libCOIN-all.dll
0x00007ff92d0f0000 - 0x00007ff92d30f000 	C:\Xilinx\SDK\2016.3\lib\win64.o\libXil_lmgr11.dll
0x00007ff998aa0000 - 0x00007ff998b0b000 	C:\WINDOWS\System32\WINTRUST.dll
0x00007ff97eb30000 - 0x00007ff97eb40000 	C:\Xilinx\SDK\2016.3\lib\win64.o\libboost_date_time.dll
0x00007ff978390000 - 0x00007ff9783b4000 	C:\Xilinx\SDK\2016.3\lib\win64.o\libboost_filesystem.dll
0x00007ff93dae0000 - 0x00007ff93db57000 	C:\Xilinx\SDK\2016.3\lib\win64.o\libboost_program_options.dll
0x00007ff92ce30000 - 0x00007ff92cf36000 	C:\Xilinx\SDK\2016.3\lib\win64.o\libboost_regex.dll
0x00007ff977f10000 - 0x00007ff977f23000 	C:\Xilinx\SDK\2016.3\lib\win64.o\libboost_signals.dll
0x00007ff97eb20000 - 0x00007ff97eb29000 	C:\Xilinx\SDK\2016.3\lib\win64.o\libboost_system.dll
0x00007ff95fbe0000 - 0x00007ff95fbfd000 	C:\Xilinx\SDK\2016.3\lib\win64.o\libboost_thread.dll
0x00007ff97bf90000 - 0x00007ff97bf9b000 	C:\Xilinx\SDK\2016.3\lib\win64.o\libboost_xilinx.dll
0x00007ff931940000 - 0x00007ff9319c0000 	C:\Xilinx\SDK\2016.3\lib\win64.o\libhdlpsolve.dll
0x00007ff916400000 - 0x00007ff91649a000 	C:\Xilinx\SDK\2016.3\lib\win64.o\libhdxml.dll
0x00007ff8eaf30000 - 0x00007ff8eb2f9000 	C:\Xilinx\SDK\2016.3\lib\win64.o\libisl_iostreams.dll
0x00007ff95fbc0000 - 0x00007ff95fbd5000 	C:\Xilinx\SDK\2016.3\lib\win64.o\pthreadVC2.dll
0x00007ff8eae00000 - 0x00007ff8eaf30000 	C:\Xilinx\SDK\2016.3\lib\win64.o\librdi_curl.dll
0x00007ff956780000 - 0x00007ff956798000 	C:\Xilinx\SDK\2016.3\lib\win64.o\librdiconfig.dll
0x00007ff956750000 - 0x00007ff956773000 	C:\Xilinx\SDK\2016.3\lib\win64.o\librdizlib.dll
0x0000000070fb0000 - 0x00000000710d7000 	C:\Xilinx\SDK\2016.3\lib\win64.o\tcl85t.dll
0x000000002ba30000 - 0x000000002bc93000 	C:\Xilinx\SDK\2016.3\lib\win64.o\xerces-c_3_1.dll
0x00007ff991170000 - 0x00007ff991360000 	C:\WINDOWS\SYSTEM32\urlmon.dll
0x00007ff95dd20000 - 0x00007ff95dd43000 	C:\WINDOWS\SYSTEM32\VCOMP110.DLL
0x00007ff951fd0000 - 0x00007ff952013000 	C:\Xilinx\SDK\2016.3\lib\win64.o\librdi_hdf.dll
0x00007ff8eab30000 - 0x00007ff8eadf6000 	C:\Xilinx\SDK\2016.3\lib\win64.o\librdi_ippcw.dll
0x00007ff97e4d0000 - 0x00007ff97e4e9000 	C:\WINDOWS\SYSTEM32\NETAPI32.dll
0x00007ff978380000 - 0x00007ff97838b000 	C:\Xilinx\SDK\2016.3\lib\win64.o\libboost_chrono.dll
0x00007ff952790000 - 0x00007ff9527a6000 	C:\Xilinx\SDK\2016.3\lib\win64.o\libboost_iostreams.dll
0x00007ff9517a0000 - 0x00007ff9517c3000 	C:\Xilinx\SDK\2016.3\lib\win64.o\libisl_iosutils.dll
0x00007ff990eb0000 - 0x00007ff99116e000 	C:\WINDOWS\SYSTEM32\iertutil.dll
0x00007ff9971f0000 - 0x00007ff997218000 	C:\WINDOWS\SYSTEM32\srvcli.dll

VM Arguments:
jvm_args: -Dcom.xilinx.sdk.args.hwspec=C:/Users/bawneet/Downloads/simd_final_test/simd_final_test/simd_final/project_3/project_3.sdk/design_1_wrapper.hdf -Xms64m -Xmx512m & -agentpath:C:\Program Files\SentinelOne\Sentinel Agent 23.4.4.223\SentinelJava64.dll=extendedCapabilities 
java_command: <unknown>
java_class_path (initial): C:\Xilinx\SDK\2016.3\eclipse\win64.o\\plugins/org.eclipse.equinox.launcher_1.3.100.v20150511-1540.jar
Launcher Type: generic

Environment Variables:
JAVA_HOME=C:\Program Files\Eclipse Adoptium\jre-8.0.422.5-hotspot\
USERNAME=bawneet
OS=Windows_NT
PROCESSOR_IDENTIFIER=Intel64 Family 6 Model 183 Stepping 1, GenuineIntel



---------------  S Y S T E M  ---------------

OS: Windows 10.0 , 64 bit Build 22621 (10.0.22621.3958)

CPU:total 28 (14 cores per cpu, 2 threads per core) family 6 model 183 stepping 1, cmov, cx8, fxsr, mmx, sse, sse2, sse3, ssse3, sse4.1, sse4.2, popcnt, avx, avx2, aes, clmul, erms, 3dnowpref, lzcnt, ht, tsc, tscinvbit, bmi1, bmi2, adx

Memory: 4k page, physical 33233644k(22371584k free), swap 66467288k(51605948k free)

vm_info: Java HotSpot(TM) 64-Bit Server VM (25.66-b18) for windows-amd64 JRE (1.8.0_66-b18), built on Nov  9 2015 10:51:13 by "java_re" with MS VC++ 10.0 (VS2010)

time: Fri Nov 29 17:35:36 2024
elapsed time: 9591 seconds (0d 2h 39m 51s)

