#-----------------------------------------------------------
# Vivado v2016.3 (64-bit)
# SW Build 1682563 on Mon Oct 10 19:07:27 MDT 2016
# IP Build 1681267 on Mon Oct 10 21:28:31 MDT 2016
# Start of session at: Fri Nov 22 19:45:57 2024
# Process ID: 19756
# Current directory: C:/Users/Admin/Downloads/simd_final/project_3
# Command line: vivado.exe -gui_launcher_event rodinguilauncherevent24008 C:\Users\Admin\Downloads\simd_final\project_3\project_3.xpr
# Log file: C:/Users/Admin/Downloads/simd_final/project_3/vivado.log
# Journal file: C:/Users/Admin/Downloads/simd_final/project_3\vivado.jou
#-----------------------------------------------------------
start_gui
open_project C:/Users/Admin/Downloads/simd_final/project_3/project_3.xpr
INFO: [Project 1-313] Project file moved from 'H:/project_3' since last save.
CRITICAL WARNING: [Project 1-311] Could not find the file 'C:/Users/Admin/Downloads/simd_final/project_3/project_3.srcs/sources_1/bd/design_1/design_1.bd', nor could it be found using path 'H:/project_3/project_3.srcs/sources_1/bd/design_1/design_1.bd'.
ERROR: [BD 41-587] Cannot read BD file <C:/Users/Admin/Downloads/simd_final/project_3/project_3.srcs/sources_1/bd/design_1/design_1.bd>
ERROR: [BD 41-1155] Could not initialize Parser using <C:/Users/Admin/Downloads/simd_final/project_3/project_3.srcs/sources_1/bd/design_1/design_1.bd>
CRITICAL WARNING: [Project 1-311] Could not find the file 'C:/Users/Admin/Downloads/simd_final/project_3/project_3.srcs/sources_1/bd/design_1/hdl/design_1_wrapper.vhd', nor could it be found using path 'H:/project_3/project_3.srcs/sources_1/bd/design_1/hdl/design_1_wrapper.vhd'.
Scanning sources...
Finished scanning sources
WARNING: [Project 1-533] File 'C:/Users/Admin/Downloads/simd_final/project_3/project_3.srcs/sources_1/bd/design_1/ip/design_1_ilmb_bram_if_cntlr_1/design_1_ilmb_bram_if_cntlr_1.xci' could not be found in the subdesign 'C:/Users/Admin/Downloads/simd_final/project_3/project_3.srcs/sources_1/bd/design_1/design_1.bd', but fileset 'design_1_ilmb_bram_if_cntlr_1' still exists. The fileset and corresponding run(s) will be deleted the next time top-level synthesis is run.
WARNING: [Project 1-533] File 'C:/Users/Admin/Downloads/simd_final/project_3/project_3.srcs/sources_1/bd/design_1/ip/design_1_dlmb_bram_if_cntlr_1/design_1_dlmb_bram_if_cntlr_1.xci' could not be found in the subdesign 'C:/Users/Admin/Downloads/simd_final/project_3/project_3.srcs/sources_1/bd/design_1/design_1.bd', but fileset 'design_1_dlmb_bram_if_cntlr_1' still exists. The fileset and corresponding run(s) will be deleted the next time top-level synthesis is run.
WARNING: [Project 1-533] File 'C:/Users/Admin/Downloads/simd_final/project_3/project_3.srcs/sources_1/bd/design_1/ip/design_1_ilmb_v10_1/design_1_ilmb_v10_1.xci' could not be found in the subdesign 'C:/Users/Admin/Downloads/simd_final/project_3/project_3.srcs/sources_1/bd/design_1/design_1.bd', but fileset 'design_1_ilmb_v10_1' still exists. The fileset and corresponding run(s) will be deleted the next time top-level synthesis is run.
WARNING: [Project 1-533] File 'C:/Users/Admin/Downloads/simd_final/project_3/project_3.srcs/sources_1/bd/design_1/ip/design_1_dlmb_v10_1/design_1_dlmb_v10_1.xci' could not be found in the subdesign 'C:/Users/Admin/Downloads/simd_final/project_3/project_3.srcs/sources_1/bd/design_1/design_1.bd', but fileset 'design_1_dlmb_v10_1' still exists. The fileset and corresponding run(s) will be deleted the next time top-level synthesis is run.
WARNING: [Project 1-533] File 'C:/Users/Admin/Downloads/simd_final/project_3/project_3.srcs/sources_1/bd/design_1/ip/design_1_rst_clk_wiz_0_100M_0/design_1_rst_clk_wiz_0_100M_0.xci' could not be found in the subdesign 'C:/Users/Admin/Downloads/simd_final/project_3/project_3.srcs/sources_1/bd/design_1/design_1.bd', but fileset 'design_1_rst_clk_wiz_0_100M_0' still exists. The fileset and corresponding run(s) will be deleted the next time top-level synthesis is run.
WARNING: [Project 1-533] File 'C:/Users/Admin/Downloads/simd_final/project_3/project_3.srcs/sources_1/bd/design_1/ip/design_1_mdm_1_0/design_1_mdm_1_0.xci' could not be found in the subdesign 'C:/Users/Admin/Downloads/simd_final/project_3/project_3.srcs/sources_1/bd/design_1/design_1.bd', but fileset 'design_1_mdm_1_0' still exists. The fileset and corresponding run(s) will be deleted the next time top-level synthesis is run.
WARNING: [Project 1-533] File 'C:/Users/Admin/Downloads/simd_final/project_3/project_3.srcs/sources_1/bd/design_1/ip/design_1_lmb_bram_1/design_1_lmb_bram_1.xci' could not be found in the subdesign 'C:/Users/Admin/Downloads/simd_final/project_3/project_3.srcs/sources_1/bd/design_1/design_1.bd', but fileset 'design_1_lmb_bram_1' still exists. The fileset and corresponding run(s) will be deleted the next time top-level synthesis is run.
WARNING: [Project 1-533] File 'C:/Users/Admin/Downloads/simd_final/project_3/project_3.srcs/sources_1/bd/design_1/ip/design_1_dlmb_bram_if_cntlr_0/design_1_dlmb_bram_if_cntlr_0.xci' could not be found in the subdesign 'C:/Users/Admin/Downloads/simd_final/project_3/project_3.srcs/sources_1/bd/design_1/design_1.bd', but fileset 'design_1_dlmb_bram_if_cntlr_0' still exists. The fileset and corresponding run(s) will be deleted the next time top-level synthesis is run.
WARNING: [Project 1-533] File 'C:/Users/Admin/Downloads/simd_final/project_3/project_3.srcs/sources_1/bd/design_1/ip/design_1_ilmb_v10_0/design_1_ilmb_v10_0.xci' could not be found in the subdesign 'C:/Users/Admin/Downloads/simd_final/project_3/project_3.srcs/sources_1/bd/design_1/design_1.bd', but fileset 'design_1_ilmb_v10_0' still exists. The fileset and corresponding run(s) will be deleted the next time top-level synthesis is run.
WARNING: [Project 1-533] File 'C:/Users/Admin/Downloads/simd_final/project_3/project_3.srcs/sources_1/bd/design_1/ip/design_1_dlmb_v10_0/design_1_dlmb_v10_0.xci' could not be found in the subdesign 'C:/Users/Admin/Downloads/simd_final/project_3/project_3.srcs/sources_1/bd/design_1/design_1.bd', but fileset 'design_1_dlmb_v10_0' still exists. The fileset and corresponding run(s) will be deleted the next time top-level synthesis is run.
WARNING: [Project 1-533] File 'C:/Users/Admin/Downloads/simd_final/project_3/project_3.srcs/sources_1/bd/design_1/ip/design_1_clk_wiz_0_0/design_1_clk_wiz_0_0.xci' could not be found in the subdesign 'C:/Users/Admin/Downloads/simd_final/project_3/project_3.srcs/sources_1/bd/design_1/design_1.bd', but fileset 'design_1_clk_wiz_0_0' still exists. The fileset and corresponding run(s) will be deleted the next time top-level synthesis is run.
WARNING: [Project 1-533] File 'C:/Users/Admin/Downloads/simd_final/project_3/project_3.srcs/sources_1/bd/design_1/ip/design_1_microblaze_1_0/design_1_microblaze_1_0.xci' could not be found in the subdesign 'C:/Users/Admin/Downloads/simd_final/project_3/project_3.srcs/sources_1/bd/design_1/design_1.bd', but fileset 'design_1_microblaze_1_0' still exists. The fileset and corresponding run(s) will be deleted the next time top-level synthesis is run.
WARNING: [Project 1-533] File 'C:/Users/Admin/Downloads/simd_final/project_3/project_3.srcs/sources_1/bd/design_1/ip/design_1_microblaze_0_0/design_1_microblaze_0_0.xci' could not be found in the subdesign 'C:/Users/Admin/Downloads/simd_final/project_3/project_3.srcs/sources_1/bd/design_1/design_1.bd', but fileset 'design_1_microblaze_0_0' still exists. The fileset and corresponding run(s) will be deleted the next time top-level synthesis is run.
WARNING: [Project 1-533] File 'C:/Users/Admin/Downloads/simd_final/project_3/project_3.srcs/sources_1/bd/design_1/ip/design_1_ilmb_bram_if_cntlr_0/design_1_ilmb_bram_if_cntlr_0.xci' could not be found in the subdesign 'C:/Users/Admin/Downloads/simd_final/project_3/project_3.srcs/sources_1/bd/design_1/design_1.bd', but fileset 'design_1_ilmb_bram_if_cntlr_0' still exists. The fileset and corresponding run(s) will be deleted the next time top-level synthesis is run.
WARNING: [Project 1-533] File 'C:/Users/Admin/Downloads/simd_final/project_3/project_3.srcs/sources_1/bd/design_1/ip/design_1_xbar_0/design_1_xbar_0.xci' could not be found in the subdesign 'C:/Users/Admin/Downloads/simd_final/project_3/project_3.srcs/sources_1/bd/design_1/design_1.bd', but fileset 'design_1_xbar_0' still exists. The fileset and corresponding run(s) will be deleted the next time top-level synthesis is run.
WARNING: [Project 1-533] File 'C:/Users/Admin/Downloads/simd_final/project_3/project_3.srcs/sources_1/bd/design_1/ip/design_1_axi_uartlite_0_0/design_1_axi_uartlite_0_0.xci' could not be found in the subdesign 'C:/Users/Admin/Downloads/simd_final/project_3/project_3.srcs/sources_1/bd/design_1/design_1.bd', but fileset 'design_1_axi_uartlite_0_0' still exists. The fileset and corresponding run(s) will be deleted the next time top-level synthesis is run.
WARNING: [Project 1-533] File 'C:/Users/Admin/Downloads/simd_final/project_3/project_3.srcs/sources_1/bd/design_1/ip/design_1_auto_pc_0/design_1_auto_pc_0.xci' could not be found in the subdesign 'C:/Users/Admin/Downloads/simd_final/project_3/project_3.srcs/sources_1/bd/design_1/design_1.bd', but fileset 'design_1_auto_pc_0' still exists. The fileset and corresponding run(s) will be deleted the next time top-level synthesis is run.
WARNING: [Project 1-533] File 'C:/Users/Admin/Downloads/simd_final/project_3/project_3.srcs/sources_1/bd/design_1/ip/design_1_axi_timer_0_0/design_1_axi_timer_0_0.xci' could not be found in the subdesign 'C:/Users/Admin/Downloads/simd_final/project_3/project_3.srcs/sources_1/bd/design_1/design_1.bd', but fileset 'design_1_axi_timer_0_0' still exists. The fileset and corresponding run(s) will be deleted the next time top-level synthesis is run.
WARNING: [Project 1-533] File 'C:/Users/Admin/Downloads/simd_final/project_3/project_3.srcs/sources_1/bd/design_1/ip/design_1_axi_bram_ctrl_0_0/design_1_axi_bram_ctrl_0_0.xci' could not be found in the subdesign 'C:/Users/Admin/Downloads/simd_final/project_3/project_3.srcs/sources_1/bd/design_1/design_1.bd', but fileset 'design_1_axi_bram_ctrl_0_0' still exists. The fileset and corresponding run(s) will be deleted the next time top-level synthesis is run.
WARNING: [Project 1-533] File 'C:/Users/Admin/Downloads/simd_final/project_3/project_3.srcs/sources_1/bd/design_1/ip/design_1_blk_mem_gen_0_1/design_1_blk_mem_gen_0_1.xci' could not be found in the subdesign 'C:/Users/Admin/Downloads/simd_final/project_3/project_3.srcs/sources_1/bd/design_1/design_1.bd', but fileset 'design_1_blk_mem_gen_0_1' still exists. The fileset and corresponding run(s) will be deleted the next time top-level synthesis is run.
WARNING: [Project 1-533] File 'C:/Users/Admin/Downloads/simd_final/project_3/project_3.srcs/sources_1/bd/design_1/ip/design_1_lmb_bram_0/design_1_lmb_bram_0.xci' could not be found in the subdesign 'C:/Users/Admin/Downloads/simd_final/project_3/project_3.srcs/sources_1/bd/design_1/design_1.bd', but fileset 'design_1_lmb_bram_0' still exists. The fileset and corresponding run(s) will be deleted the next time top-level synthesis is run.
INFO: [IP_Flow 19-234] Refreshing IP repositories
INFO: [IP_Flow 19-1704] No user IP repositories specified
INFO: [IP_Flow 19-2313] Loaded Vivado IP repository 'C:/Xilinx/Vivado/2016.3/data/ip'.
open_project: Time (s): cpu = 00:00:08 ; elapsed = 00:00:09 . Memory (MB): peak = 856.906 ; gain = 192.707
ERROR: [Common 17-39] 'open_project' failed due to earlier errors.
open_bd_design {C:/Users/Admin/Downloads/simd_final/project_3/project_3.srcs/sources_1/bd/design_1/design_1.bd}
Adding cell -- xilinx.com:ip:microblaze:10.0 - microblaze_0
INFO: [BD 41-434] Could not find an IP with XCI file by name: design_1_microblaze_0_0 
Adding cell -- xilinx.com:ip:microblaze:10.0 - microblaze_1
INFO: [BD 41-434] Could not find an IP with XCI file by name: design_1_microblaze_1_0 
Adding cell -- xilinx.com:ip:clk_wiz:5.3 - clk_wiz_0
INFO: [BD 41-434] Could not find an IP with XCI file by name: design_1_clk_wiz_0_0 
Adding cell -- xilinx.com:ip:mdm:3.2 - mdm_1
INFO: [BD 41-434] Could not find an IP with XCI file by name: design_1_mdm_1_0 
Adding cell -- xilinx.com:ip:proc_sys_reset:5.0 - rst_clk_wiz_0_100M
INFO: [BD 41-434] Could not find an IP with XCI file by name: design_1_rst_clk_wiz_0_100M_0 
Adding cell -- xilinx.com:ip:axi_uartlite:2.0 - axi_uartlite_0
INFO: [BD 41-434] Could not find an IP with XCI file by name: design_1_axi_uartlite_0_0 
INFO: [BD 41-434] Could not find an IP with XCI file by name: design_1_microblaze_0_axi_periph_0 
Adding cell -- xilinx.com:ip:blk_mem_gen:8.3 - blk_mem_gen_0
INFO: [BD 41-434] Could not find an IP with XCI file by name: design_1_blk_mem_gen_0_1 
INFO: [Device 21-403] Loading part xc7a100tcsg324-1
INFO: [Common 17-365] Interrupt caught but 'open_bd_design' cannot be canceled. Please wait for command to finish.
Adding cell -- xilinx.com:ip:axi_bram_ctrl:4.0 - axi_bram_ctrl_0
INFO: [BD 41-434] Could not find an IP with XCI file by name: design_1_axi_bram_ctrl_0_0 
INFO: [xilinx.com:ip:axi_bram_ctrl:4.0-2] design_1_axi_bram_ctrl_0_0: In IP Integrator, please note that memory depth value gets calculated based on the Data Width of the IP and Address range selected in the Address Editor.Incase a validation error occured on the range of this parameter, please check if the selected Data width and the Address Range are valid. For valid Data width and memory depth values, please refer to the AXI BRAM Controller Product Guide.
INFO: [xilinx.com:ip:axi_bram_ctrl:4.0-1] design_1_axi_bram_ctrl_0_0: In IP Integrator, The Maximum address range supported is 2G. Selecting the address range more than 2G in the address editor may resets the value of Memory depth to default value (1024). please refer to the AXI BRAM Controller Product Guide.
Adding cell -- xilinx.com:ip:axi_timer:2.0 - axi_timer_0
INFO: [BD 41-434] Could not find an IP with XCI file by name: design_1_axi_timer_0_0 
Adding cell -- xilinx.com:ip:axi_crossbar:2.1 - xbar
INFO: [BD 41-434] Could not find an IP with XCI file by name: design_1_xbar_0 
Adding cell -- xilinx.com:ip:axi_protocol_converter:2.1 - auto_pc
INFO: [BD 41-434] Could not find an IP with XCI file by name: design_1_auto_pc_0 
Adding cell -- xilinx.com:ip:lmb_v10:3.0 - dlmb_v10
INFO: [BD 41-434] Could not find an IP with XCI file by name: design_1_dlmb_v10_1 
Adding cell -- xilinx.com:ip:lmb_v10:3.0 - ilmb_v10
INFO: [BD 41-434] Could not find an IP with XCI file by name: design_1_ilmb_v10_1 
Adding cell -- xilinx.com:ip:lmb_bram_if_cntlr:4.0 - dlmb_bram_if_cntlr
INFO: [BD 41-434] Could not find an IP with XCI file by name: design_1_dlmb_bram_if_cntlr_1 
Adding cell -- xilinx.com:ip:lmb_bram_if_cntlr:4.0 - ilmb_bram_if_cntlr
INFO: [BD 41-434] Could not find an IP with XCI file by name: design_1_ilmb_bram_if_cntlr_1 
Adding cell -- xilinx.com:ip:blk_mem_gen:8.3 - lmb_bram
INFO: [BD 41-434] Could not find an IP with XCI file by name: design_1_lmb_bram_1 
Adding cell -- xilinx.com:ip:lmb_v10:3.0 - dlmb_v10
Adding cell -- xilinx.com:ip:lmb_v10:3.0 - ilmb_v10
Adding cell -- xilinx.com:ip:lmb_bram_if_cntlr:4.0 - dlmb_bram_if_cntlr
Adding cell -- xilinx.com:ip:lmb_bram_if_cntlr:4.0 - ilmb_bram_if_cntlr
Adding cell -- xilinx.com:ip:blk_mem_gen:8.3 - lmb_bram
Successfully read diagram <design_1> from BD file <C:/Users/Admin/Downloads/simd_final/project_3/project_3.srcs/sources_1/bd/design_1/design_1.bd>
INFO: [BD 41-433] 
Design successfully migrated to use XCI files...
open_bd_design: Time (s): cpu = 00:00:17 ; elapsed = 00:00:23 . Memory (MB): peak = 1195.102 ; gain = 294.320
INFO: [Common 17-681] Processing pending cancel.
1
exit
INFO: [Common 17-206] Exiting Vivado at Sat Nov 23 00:29:12 2024...
