
*** Running vivado
    with args -log design_1_xbar_0.vds -m64 -product Vivado -mode batch -messageDb vivado.pb -notrace -source design_1_xbar_0.tcl


****** Vivado v2016.3 (64-bit)
  **** SW Build 1682563 on Mon Oct 10 19:07:27 MDT 2016
  **** IP Build 1681267 on Mon Oct 10 21:28:31 MDT 2016
    ** Copyright 1986-2016 Xilinx, Inc. All Rights Reserved.

source design_1_xbar_0.tcl -notrace
Starting RTL Elaboration : Time (s): cpu = 00:00:03 ; elapsed = 00:00:17 . Memory (MB): peak = 357.809 ; gain = 143.852
INFO: [Synth 8-638] synthesizing module 'design_1_xbar_0' [h:/project_3/project_3.srcs/sources_1/bd/design_1/ip/design_1_xbar_0/synth/design_1_xbar_0.v:59]
INFO: [Synth 8-638] synthesizing module 'axi_crossbar_v2_1_11_axi_crossbar' [h:/project_3/project_3.srcs/sources_1/bd/design_1/ipshared/d552/hdl/axi_crossbar_v2_1_vl_rfs.v:4882]
INFO: [Synth 8-638] synthesizing module 'axi_crossbar_v2_1_11_crossbar_sasd' [h:/project_3/project_3.srcs/sources_1/bd/design_1/ipshared/d552/hdl/axi_crossbar_v2_1_vl_rfs.v:1240]
INFO: [Synth 8-638] synthesizing module 'axi_crossbar_v2_1_11_addr_decoder' [h:/project_3/project_3.srcs/sources_1/bd/design_1/ipshared/d552/hdl/axi_crossbar_v2_1_vl_rfs.v:794]
INFO: [Synth 8-638] synthesizing module 'generic_baseblocks_v2_1_0_comparator_static' [h:/project_3/project_3.srcs/sources_1/bd/design_1/ipshared/7ee0/hdl/generic_baseblocks_v2_1_vl_rfs.v:2133]
INFO: [Synth 8-638] synthesizing module 'generic_baseblocks_v2_1_0_carry_and' [h:/project_3/project_3.srcs/sources_1/bd/design_1/ipshared/7ee0/hdl/generic_baseblocks_v2_1_vl_rfs.v:62]
INFO: [Synth 8-256] done synthesizing module 'generic_baseblocks_v2_1_0_carry_and' (1#1) [h:/project_3/project_3.srcs/sources_1/bd/design_1/ipshared/7ee0/hdl/generic_baseblocks_v2_1_vl_rfs.v:62]
INFO: [Synth 8-256] done synthesizing module 'generic_baseblocks_v2_1_0_comparator_static' (2#1) [h:/project_3/project_3.srcs/sources_1/bd/design_1/ipshared/7ee0/hdl/generic_baseblocks_v2_1_vl_rfs.v:2133]
INFO: [Synth 8-638] synthesizing module 'generic_baseblocks_v2_1_0_comparator_static__parameterized0' [h:/project_3/project_3.srcs/sources_1/bd/design_1/ipshared/7ee0/hdl/generic_baseblocks_v2_1_vl_rfs.v:2133]
INFO: [Synth 8-256] done synthesizing module 'generic_baseblocks_v2_1_0_comparator_static__parameterized0' (2#1) [h:/project_3/project_3.srcs/sources_1/bd/design_1/ipshared/7ee0/hdl/generic_baseblocks_v2_1_vl_rfs.v:2133]
INFO: [Synth 8-638] synthesizing module 'generic_baseblocks_v2_1_0_comparator_static__parameterized1' [h:/project_3/project_3.srcs/sources_1/bd/design_1/ipshared/7ee0/hdl/generic_baseblocks_v2_1_vl_rfs.v:2133]
INFO: [Synth 8-256] done synthesizing module 'generic_baseblocks_v2_1_0_comparator_static__parameterized1' (2#1) [h:/project_3/project_3.srcs/sources_1/bd/design_1/ipshared/7ee0/hdl/generic_baseblocks_v2_1_vl_rfs.v:2133]
INFO: [Synth 8-256] done synthesizing module 'axi_crossbar_v2_1_11_addr_decoder' (3#1) [h:/project_3/project_3.srcs/sources_1/bd/design_1/ipshared/d552/hdl/axi_crossbar_v2_1_vl_rfs.v:794]
INFO: [Synth 8-638] synthesizing module 'generic_baseblocks_v2_1_0_mux_enc' [h:/project_3/project_3.srcs/sources_1/bd/design_1/ipshared/7ee0/hdl/generic_baseblocks_v2_1_vl_rfs.v:2452]
INFO: [Synth 8-256] done synthesizing module 'generic_baseblocks_v2_1_0_mux_enc' (4#1) [h:/project_3/project_3.srcs/sources_1/bd/design_1/ipshared/7ee0/hdl/generic_baseblocks_v2_1_vl_rfs.v:2452]
INFO: [Synth 8-638] synthesizing module 'generic_baseblocks_v2_1_0_mux_enc__parameterized0' [h:/project_3/project_3.srcs/sources_1/bd/design_1/ipshared/7ee0/hdl/generic_baseblocks_v2_1_vl_rfs.v:2452]
INFO: [Synth 8-256] done synthesizing module 'generic_baseblocks_v2_1_0_mux_enc__parameterized0' (4#1) [h:/project_3/project_3.srcs/sources_1/bd/design_1/ipshared/7ee0/hdl/generic_baseblocks_v2_1_vl_rfs.v:2452]
INFO: [Synth 8-638] synthesizing module 'axi_crossbar_v2_1_11_decerr_slave' [h:/project_3/project_3.srcs/sources_1/bd/design_1/ipshared/d552/hdl/axi_crossbar_v2_1_vl_rfs.v:3500]
INFO: [Synth 8-256] done synthesizing module 'axi_crossbar_v2_1_11_decerr_slave' (5#1) [h:/project_3/project_3.srcs/sources_1/bd/design_1/ipshared/d552/hdl/axi_crossbar_v2_1_vl_rfs.v:3500]
INFO: [Synth 8-638] synthesizing module 'axi_crossbar_v2_1_11_addr_arbiter_sasd' [h:/project_3/project_3.srcs/sources_1/bd/design_1/ipshared/d552/hdl/axi_crossbar_v2_1_vl_rfs.v:65]
INFO: [Synth 8-638] synthesizing module 'generic_baseblocks_v2_1_0_mux_enc__parameterized1' [h:/project_3/project_3.srcs/sources_1/bd/design_1/ipshared/7ee0/hdl/generic_baseblocks_v2_1_vl_rfs.v:2452]
INFO: [Synth 8-256] done synthesizing module 'generic_baseblocks_v2_1_0_mux_enc__parameterized1' (5#1) [h:/project_3/project_3.srcs/sources_1/bd/design_1/ipshared/7ee0/hdl/generic_baseblocks_v2_1_vl_rfs.v:2452]
INFO: [Synth 8-256] done synthesizing module 'axi_crossbar_v2_1_11_addr_arbiter_sasd' (6#1) [h:/project_3/project_3.srcs/sources_1/bd/design_1/ipshared/d552/hdl/axi_crossbar_v2_1_vl_rfs.v:65]
INFO: [Synth 8-638] synthesizing module 'axi_crossbar_v2_1_11_splitter' [h:/project_3/project_3.srcs/sources_1/bd/design_1/ipshared/d552/hdl/axi_crossbar_v2_1_vl_rfs.v:4459]
INFO: [Synth 8-256] done synthesizing module 'axi_crossbar_v2_1_11_splitter' (7#1) [h:/project_3/project_3.srcs/sources_1/bd/design_1/ipshared/d552/hdl/axi_crossbar_v2_1_vl_rfs.v:4459]
INFO: [Synth 8-638] synthesizing module 'axi_crossbar_v2_1_11_splitter__parameterized0' [h:/project_3/project_3.srcs/sources_1/bd/design_1/ipshared/d552/hdl/axi_crossbar_v2_1_vl_rfs.v:4459]
INFO: [Synth 8-256] done synthesizing module 'axi_crossbar_v2_1_11_splitter__parameterized0' (7#1) [h:/project_3/project_3.srcs/sources_1/bd/design_1/ipshared/d552/hdl/axi_crossbar_v2_1_vl_rfs.v:4459]
INFO: [Synth 8-638] synthesizing module 'generic_baseblocks_v2_1_0_mux_enc__parameterized2' [h:/project_3/project_3.srcs/sources_1/bd/design_1/ipshared/7ee0/hdl/generic_baseblocks_v2_1_vl_rfs.v:2452]
INFO: [Synth 8-256] done synthesizing module 'generic_baseblocks_v2_1_0_mux_enc__parameterized2' (7#1) [h:/project_3/project_3.srcs/sources_1/bd/design_1/ipshared/7ee0/hdl/generic_baseblocks_v2_1_vl_rfs.v:2452]
INFO: [Synth 8-638] synthesizing module 'generic_baseblocks_v2_1_0_mux_enc__parameterized3' [h:/project_3/project_3.srcs/sources_1/bd/design_1/ipshared/7ee0/hdl/generic_baseblocks_v2_1_vl_rfs.v:2452]
INFO: [Synth 8-256] done synthesizing module 'generic_baseblocks_v2_1_0_mux_enc__parameterized3' (7#1) [h:/project_3/project_3.srcs/sources_1/bd/design_1/ipshared/7ee0/hdl/generic_baseblocks_v2_1_vl_rfs.v:2452]
INFO: [Synth 8-638] synthesizing module 'generic_baseblocks_v2_1_0_mux_enc__parameterized4' [h:/project_3/project_3.srcs/sources_1/bd/design_1/ipshared/7ee0/hdl/generic_baseblocks_v2_1_vl_rfs.v:2452]
INFO: [Synth 8-256] done synthesizing module 'generic_baseblocks_v2_1_0_mux_enc__parameterized4' (7#1) [h:/project_3/project_3.srcs/sources_1/bd/design_1/ipshared/7ee0/hdl/generic_baseblocks_v2_1_vl_rfs.v:2452]
INFO: [Synth 8-638] synthesizing module 'generic_baseblocks_v2_1_0_mux_enc__parameterized5' [h:/project_3/project_3.srcs/sources_1/bd/design_1/ipshared/7ee0/hdl/generic_baseblocks_v2_1_vl_rfs.v:2452]
INFO: [Synth 8-256] done synthesizing module 'generic_baseblocks_v2_1_0_mux_enc__parameterized5' (7#1) [h:/project_3/project_3.srcs/sources_1/bd/design_1/ipshared/7ee0/hdl/generic_baseblocks_v2_1_vl_rfs.v:2452]
INFO: [Synth 8-638] synthesizing module 'generic_baseblocks_v2_1_0_mux_enc__parameterized6' [h:/project_3/project_3.srcs/sources_1/bd/design_1/ipshared/7ee0/hdl/generic_baseblocks_v2_1_vl_rfs.v:2452]
INFO: [Synth 8-256] done synthesizing module 'generic_baseblocks_v2_1_0_mux_enc__parameterized6' (7#1) [h:/project_3/project_3.srcs/sources_1/bd/design_1/ipshared/7ee0/hdl/generic_baseblocks_v2_1_vl_rfs.v:2452]
INFO: [Synth 8-638] synthesizing module 'axi_register_slice_v2_1_10_axic_register_slice' [h:/project_3/project_3.srcs/sources_1/bd/design_1/ipshared/7efe/hdl/axi_register_slice_v2_1_vl_rfs.v:85]
INFO: [Synth 8-256] done synthesizing module 'axi_register_slice_v2_1_10_axic_register_slice' (8#1) [h:/project_3/project_3.srcs/sources_1/bd/design_1/ipshared/7efe/hdl/axi_register_slice_v2_1_vl_rfs.v:85]
INFO: [Synth 8-638] synthesizing module 'generic_baseblocks_v2_1_0_mux_enc__parameterized7' [h:/project_3/project_3.srcs/sources_1/bd/design_1/ipshared/7ee0/hdl/generic_baseblocks_v2_1_vl_rfs.v:2452]
INFO: [Synth 8-256] done synthesizing module 'generic_baseblocks_v2_1_0_mux_enc__parameterized7' (8#1) [h:/project_3/project_3.srcs/sources_1/bd/design_1/ipshared/7ee0/hdl/generic_baseblocks_v2_1_vl_rfs.v:2452]
INFO: [Synth 8-638] synthesizing module 'generic_baseblocks_v2_1_0_mux_enc__parameterized8' [h:/project_3/project_3.srcs/sources_1/bd/design_1/ipshared/7ee0/hdl/generic_baseblocks_v2_1_vl_rfs.v:2452]
INFO: [Synth 8-256] done synthesizing module 'generic_baseblocks_v2_1_0_mux_enc__parameterized8' (8#1) [h:/project_3/project_3.srcs/sources_1/bd/design_1/ipshared/7ee0/hdl/generic_baseblocks_v2_1_vl_rfs.v:2452]
INFO: [Synth 8-256] done synthesizing module 'axi_crossbar_v2_1_11_crossbar_sasd' (9#1) [h:/project_3/project_3.srcs/sources_1/bd/design_1/ipshared/d552/hdl/axi_crossbar_v2_1_vl_rfs.v:1240]
INFO: [Synth 8-256] done synthesizing module 'axi_crossbar_v2_1_11_axi_crossbar' (10#1) [h:/project_3/project_3.srcs/sources_1/bd/design_1/ipshared/d552/hdl/axi_crossbar_v2_1_vl_rfs.v:4882]
INFO: [Synth 8-256] done synthesizing module 'design_1_xbar_0' (11#1) [h:/project_3/project_3.srcs/sources_1/bd/design_1/ip/design_1_xbar_0/synth/design_1_xbar_0.v:59]
Finished RTL Elaboration : Time (s): cpu = 00:00:05 ; elapsed = 00:00:23 . Memory (MB): peak = 474.223 ; gain = 260.266
Finished RTL Optimization Phase 1 : Time (s): cpu = 00:00:05 ; elapsed = 00:00:23 . Memory (MB): peak = 474.223 ; gain = 260.266
INFO: [Device 21-403] Loading part xc7a100tcsg324-1
Constraint Validation Runtime : Time (s): cpu = 00:00:00 ; elapsed = 00:00:00.054 . Memory (MB): peak = 707.410 ; gain = 0.027
Finished Constraint Validation : Time (s): cpu = 00:00:09 ; elapsed = 00:00:33 . Memory (MB): peak = 707.410 ; gain = 493.453
Finished Loading Part and Timing Information : Time (s): cpu = 00:00:09 ; elapsed = 00:00:33 . Memory (MB): peak = 707.410 ; gain = 493.453
Finished applying 'set_property' XDC Constraints : Time (s): cpu = 00:00:09 ; elapsed = 00:00:33 . Memory (MB): peak = 707.410 ; gain = 493.453
Finished RTL Optimization Phase 2 : Time (s): cpu = 00:00:09 ; elapsed = 00:00:34 . Memory (MB): peak = 707.410 ; gain = 493.453
Finished Cross Boundary and Area Optimization : Time (s): cpu = 00:00:09 ; elapsed = 00:00:35 . Memory (MB): peak = 707.410 ; gain = 493.453
Finished Applying XDC Timing Constraints : Time (s): cpu = 00:00:12 ; elapsed = 00:00:42 . Memory (MB): peak = 707.410 ; gain = 493.453
Finished Timing Optimization : Time (s): cpu = 00:00:12 ; elapsed = 00:00:42 . Memory (MB): peak = 707.410 ; gain = 493.453
Finished Technology Mapping : Time (s): cpu = 00:00:12 ; elapsed = 00:00:42 . Memory (MB): peak = 707.410 ; gain = 493.453
Finished IO Insertion : Time (s): cpu = 00:00:12 ; elapsed = 00:00:43 . Memory (MB): peak = 707.410 ; gain = 493.453
Finished Renaming Generated Instances : Time (s): cpu = 00:00:12 ; elapsed = 00:00:43 . Memory (MB): peak = 707.410 ; gain = 493.453
Finished Rebuilding User Hierarchy : Time (s): cpu = 00:00:12 ; elapsed = 00:00:43 . Memory (MB): peak = 707.410 ; gain = 493.453
Finished Renaming Generated Ports : Time (s): cpu = 00:00:12 ; elapsed = 00:00:43 . Memory (MB): peak = 707.410 ; gain = 493.453
Finished Handling Custom Attributes : Time (s): cpu = 00:00:12 ; elapsed = 00:00:43 . Memory (MB): peak = 707.410 ; gain = 493.453
Finished Renaming Generated Nets : Time (s): cpu = 00:00:12 ; elapsed = 00:00:43 . Memory (MB): peak = 707.410 ; gain = 493.453

Report Cell Usage: 
+------+-----+------+
|      |Cell |Count |
+------+-----+------+
|1     |LUT1 |     2|
|2     |LUT2 |    27|
|3     |LUT3 |    77|
|4     |LUT4 |    57|
|5     |LUT5 |    44|
|6     |LUT6 |    71|
|7     |FDRE |   138|
|8     |FDSE |     1|
+------+-----+------+
Finished Writing Synthesis Report : Time (s): cpu = 00:00:12 ; elapsed = 00:00:43 . Memory (MB): peak = 707.410 ; gain = 493.453
synth_design: Time (s): cpu = 00:00:11 ; elapsed = 00:00:32 . Memory (MB): peak = 707.410 ; gain = 434.773
