18:32:35 INFO  : Registering command handlers for SDK TCF services
18:32:36 INFO  : Launching XSCT server: xsct.bat -interactive C:\Users\Admin\Downloads\simd_final\project_3\project_3.sdk\temp_xsdb_launch_script.tcl
18:32:38 INFO  : XSCT server has started successfully.
18:32:40 INFO  : Successfully done setting XSCT server connection channel  
18:32:40 INFO  : Successfully done setting SDK workspace  
18:32:40 INFO  : Processing command line option -hwspec C:/Users/Admin/Downloads/simd_final/project_3/project_3.sdk/design_1_wrapper.hdf.
18:36:29 INFO  : Connected to target on host '127.0.0.1' and port '3121'.
10:56:10 INFO  : Registering command handlers for SDK TCF services
10:56:11 INFO  : Launching XSCT server: xsct.bat -interactive H:\simd_final_test\simd_final\project_3\project_3.sdk\temp_xsdb_launch_script.tcl
10:56:13 INFO  : XSCT server has started successfully.
10:56:13 INFO  : Successfully done setting XSCT server connection channel  
10:56:13 INFO  : Successfully done setting SDK workspace  
10:56:13 INFO  : Processing command line option -hwspec H:/simd_final_test/simd_final/project_3/project_3.sdk/design_1_wrapper.hdf.
10:57:23 INFO  : Connected to target on host '127.0.0.1' and port '3121'.
10:57:25 INFO  : 'targets -set -filter {jtag_cable_name =~ "Digilent Nexys A7 -100T 210292ABF76CA" && level==0} -index 0' command is executed.
10:57:27 INFO  : FPGA configured successfully with bitstream "H:/simd_final_test/simd_final/project_3/project_3.sdk/design_1_wrapper_hw_platform_0/download.bit"
10:58:10 INFO  : Connected to target on host '127.0.0.1' and port '3121'.
10:58:10 INFO  : 'targets -set -filter {jtag_cable_name =~ "Digilent Nexys A7 -100T 210292ABF76CA" && level==0} -index 0' command is executed.
10:58:12 INFO  : FPGA configured successfully with bitstream "H:/simd_final_test/simd_final/project_3/project_3.sdk/design_1_wrapper_hw_platform_0/download.bit"
10:58:59 INFO  : Processor reset is completed for microblaze_0
10:59:23 INFO  : microblaze_0 Processor is in use. Please stop existing Run or Debug sessions before launching.
10:59:26 INFO  : Processor reset is completed for microblaze_0
11:03:17 INFO  : Connected to target on host '127.0.0.1' and port '3121'.
11:03:17 INFO  : 'targets -set -filter {jtag_cable_name =~ "Digilent Nexys A7 -100T 210292ABF76CA" && level==0} -index 0' command is executed.
11:03:19 INFO  : FPGA configured successfully with bitstream "H:/simd_final_test/simd_final/project_3/project_3.sdk/design_1_wrapper_hw_platform_0/download.bit"
11:03:35 INFO  : Processor reset is completed for microblaze_0
11:03:54 INFO  : microblaze_0 Processor is in use. Please stop existing Run or Debug sessions before launching.
11:03:56 INFO  : Processor reset is completed for microblaze_0
11:51:47 INFO  : Connected to target on host '127.0.0.1' and port '3121'.
11:51:47 INFO  : 'targets -set -filter {jtag_cable_name =~ "Digilent Nexys A7 -100T 210292ABF76CA" && level==0} -index 0' command is executed.
11:51:50 INFO  : FPGA configured successfully with bitstream "H:/simd_final_test/simd_final/project_3/project_3.sdk/design_1_wrapper_hw_platform_0/download.bit"
11:52:30 INFO  : Processor reset is completed for microblaze_0
11:52:30 ERROR : Unexpected error while launching program.
java.lang.RuntimeException: Cannot perform the Debug Command, Current Processor State is "Running"

	at com.xilinx.sdk.targetmanager.internal.TM.downloadELF(TM.java:686)
	at com.xilinx.sdk.debug.core.internal.AppRunner.run(AppRunner.java:129)
	at com.xilinx.sdk.debug.core.XilinxAppLaunchConfigurationDelegate.runApplication(XilinxAppLaunchConfigurationDelegate.java:637)
	at com.xilinx.sdk.debug.core.XilinxAppLaunchConfigurationDelegate.launch(XilinxAppLaunchConfigurationDelegate.java:309)
	at com.xilinx.sdk.debug.ui.XilinxAppLaunchDelegateWrapper.launch(XilinxAppLaunchDelegateWrapper.java:31)
	at org.eclipse.debug.internal.core.LaunchConfiguration.launch(LaunchConfiguration.java:885)
	at org.eclipse.debug.internal.core.LaunchConfiguration.launch(LaunchConfiguration.java:739)
	at org.eclipse.debug.internal.ui.DebugUIPlugin.buildAndLaunch(DebugUIPlugin.java:1039)
	at org.eclipse.debug.internal.ui.DebugUIPlugin$8.run(DebugUIPlugin.java:1256)
	at org.eclipse.core.internal.jobs.Worker.run(Worker.java:55)
11:53:12 INFO  : Connected to target on host '127.0.0.1' and port '3121'.
11:53:12 INFO  : 'targets -set -filter {jtag_cable_name =~ "Digilent Nexys A7 -100T 210292ABF76CA" && level==0} -index 0' command is executed.
11:53:14 INFO  : FPGA configured successfully with bitstream "H:/simd_final_test/simd_final/project_3/project_3.sdk/design_1_wrapper_hw_platform_0/download.bit"
11:55:03 ERROR : Unexpected error while launching program.
java.lang.IllegalArgumentException: Path for project must have only one segment.
	at org.eclipse.core.runtime.Assert.isLegal(Assert.java:63)
	at org.eclipse.core.internal.resources.WorkspaceRoot.getProject(WorkspaceRoot.java:147)
	at org.eclipse.cdt.debug.core.CDebugUtils.verifyCProject(CDebugUtils.java:618)
	at org.eclipse.cdt.debug.core.CDebugUtils.verifyProgramPath(CDebugUtils.java:655)
	at org.eclipse.cdt.debug.core.CDebugUtils.verifyProgramPath(CDebugUtils.java:707)
	at com.xilinx.sdk.debug.core.XilinxAppLaunchConfigurationDelegate.debugApplication(XilinxAppLaunchConfigurationDelegate.java:663)
	at com.xilinx.sdk.debug.core.XilinxAppLaunchConfigurationDelegate.launch(XilinxAppLaunchConfigurationDelegate.java:311)
	at com.xilinx.sdk.debug.ui.XilinxAppLaunchDelegateWrapper.launch(XilinxAppLaunchDelegateWrapper.java:31)
	at org.eclipse.debug.internal.core.LaunchConfiguration.launch(LaunchConfiguration.java:885)
	at org.eclipse.debug.internal.core.LaunchConfiguration.launch(LaunchConfiguration.java:739)
	at org.eclipse.debug.internal.ui.DebugUIPlugin.buildAndLaunch(DebugUIPlugin.java:1039)
	at org.eclipse.debug.internal.ui.DebugUIPlugin$8.run(DebugUIPlugin.java:1256)
	at org.eclipse.core.internal.jobs.Worker.run(Worker.java:55)
11:56:43 INFO  : Connected to target on host '127.0.0.1' and port '3121'.
11:56:43 INFO  : 'targets -set -filter {jtag_cable_name =~ "Digilent Nexys A7 -100T 210292ABF76CA" && level==0} -index 0' command is executed.
11:56:46 INFO  : FPGA configured successfully with bitstream "H:/simd_final_test/simd_final/project_3/project_3.sdk/design_1_wrapper_hw_platform_0/download.bit"
11:57:04 INFO  : Processor reset is completed for microblaze_0
11:57:22 INFO  : microblaze_0 Processor is in use. Please stop existing Run or Debug sessions before launching.
11:57:25 INFO  : Processor reset is completed for microblaze_0
12:01:15 INFO  : Connected to target on host '127.0.0.1' and port '3121'.
12:01:15 INFO  : 'targets -set -filter {jtag_cable_name =~ "Digilent Nexys A7 -100T 210292ABF76CA" && level==0} -index 0' command is executed.
12:01:18 INFO  : FPGA configured successfully with bitstream "H:/simd_final_test/simd_final/project_3/project_3.sdk/design_1_wrapper_hw_platform_0/download.bit"
12:01:29 INFO  : microblaze_0 Processor is in use. Please stop existing Run or Debug sessions before launching.
12:01:35 INFO  : microblaze_0 Processor is in use. Please stop existing Run or Debug sessions before launching.
12:01:41 INFO  : microblaze_0 Processor is in use. Please stop existing Run or Debug sessions before launching.
12:01:43 INFO  : Processor reset is completed for microblaze_0
12:02:25 INFO  : microblaze_0 Processor is in use. Please stop existing Run or Debug sessions before launching.
12:02:27 INFO  : Processor reset is completed for microblaze_0
12:07:51 INFO  : Connected to target on host '127.0.0.1' and port '3121'.
12:07:51 INFO  : 'targets -set -filter {jtag_cable_name =~ "Digilent Nexys A7 -100T 210292ABF76CA" && level==0} -index 0' command is executed.
12:07:54 INFO  : FPGA configured successfully with bitstream "H:/simd_final_test/simd_final/project_3/project_3.sdk/design_1_wrapper_hw_platform_0/download.bit"
12:09:07 INFO  : Connected to target on host '127.0.0.1' and port '3121'.
12:09:07 INFO  : 'targets -set -filter {jtag_cable_name =~ "Digilent Nexys A7 -100T 210292ABF76CA" && level==0} -index 0' command is executed.
12:09:09 INFO  : FPGA configured successfully with bitstream "H:/simd_final_test/simd_final/project_3/project_3.sdk/design_1_wrapper_hw_platform_0/download.bit"
12:10:01 INFO  : Processor reset is completed for microblaze_1
12:10:21 INFO  : microblaze_1 Processor is in use. Please stop existing Run or Debug sessions before launching.
12:10:23 INFO  : Processor reset is completed for microblaze_1
12:13:13 INFO  : Connected to target on host '127.0.0.1' and port '3121'.
12:13:13 INFO  : 'targets -set -filter {jtag_cable_name =~ "Digilent Nexys A7 -100T 210292ABF76CA" && level==0} -index 0' command is executed.
12:13:15 INFO  : FPGA configured successfully with bitstream "H:/simd_final_test/simd_final/project_3/project_3.sdk/design_1_wrapper_hw_platform_0/download.bit"
12:14:02 INFO  : Processor reset is completed for microblaze_1
12:14:19 INFO  : Processor reset is completed for microblaze_0
12:14:24 ERROR : Port COM5 is already in use.
12:14:36 INFO  : microblaze_0 Processor is in use. Please stop existing Run or Debug sessions before launching.
12:14:37 INFO  : Processor reset is completed for microblaze_0
12:14:39 ERROR : Port COM5 is already in use.
12:21:09 INFO  : Connected to target on host '127.0.0.1' and port '3121'.
12:21:09 INFO  : 'targets -set -filter {jtag_cable_name =~ "Digilent Nexys A7 -100T 210292ABF76CA" && level==0} -index 0' command is executed.
12:21:11 INFO  : FPGA configured successfully with bitstream "H:/simd_final_test/simd_final/project_3/project_3.sdk/design_1_wrapper_hw_platform_0/download.bit"
12:21:50 INFO  : Processor reset is completed for microblaze_0
12:21:54 ERROR : Port COM5 is already in use.
12:22:51 INFO  : microblaze_0 Processor is in use. Please stop existing Run or Debug sessions before launching.
12:22:52 INFO  : Processor reset is completed for microblaze_0
12:24:07 INFO  : Processor reset is completed for microblaze_0
12:28:42 INFO  : Connected to target on host '127.0.0.1' and port '3121'.
12:28:42 INFO  : 'targets -set -filter {jtag_cable_name =~ "Digilent Nexys A7 -100T 210292ABF76CA" && level==0} -index 0' command is executed.
12:28:44 INFO  : FPGA configured successfully with bitstream "H:/simd_final_test/simd_final/project_3/project_3.sdk/design_1_wrapper_hw_platform_0/download.bit"
12:28:52 INFO  : Processor reset is completed for microblaze_0
12:29:14 INFO  : microblaze_0 Processor is in use. Please stop existing Run or Debug sessions before launching.
12:29:15 INFO  : Processor reset is completed for microblaze_0
12:30:59 INFO  : Connected to target on host '127.0.0.1' and port '3121'.
12:30:59 INFO  : 'targets -set -filter {jtag_cable_name =~ "Digilent Nexys A7 -100T 210292ABF76CA" && level==0} -index 0' command is executed.
12:31:02 INFO  : FPGA configured successfully with bitstream "H:/simd_final_test/simd_final/project_3/project_3.sdk/design_1_wrapper_hw_platform_0/download.bit"
12:31:29 INFO  : Processor reset is completed for microblaze_0
12:36:03 INFO  : Processor reset is completed for microblaze_0
12:38:22 INFO  : Connected to target on host '127.0.0.1' and port '3121'.
12:38:22 INFO  : 'targets -set -filter {jtag_cable_name =~ "Digilent Nexys A7 -100T 210292ABF76CA" && level==0} -index 0' command is executed.
12:38:24 INFO  : FPGA configured successfully with bitstream "H:/simd_final_test/simd_final/project_3/project_3.sdk/design_1_wrapper_hw_platform_0/download.bit"
12:38:39 INFO  : Processor reset is completed for microblaze_1
12:46:24 INFO  : microblaze_1 Processor is in use. Please stop existing Run or Debug sessions before launching.
12:46:49 INFO  : microblaze_1 Processor is in use. Please stop existing Run or Debug sessions before launching.
12:46:53 INFO  : Processor reset is completed for microblaze_1
12:49:08 INFO  : Connected to target on host '127.0.0.1' and port '3121'.
12:49:08 INFO  : 'targets -set -filter {jtag_cable_name =~ "Digilent Nexys A7 -100T 210292ABF76CA" && level==0} -index 0' command is executed.
12:49:10 INFO  : FPGA configured successfully with bitstream "H:/simd_final_test/simd_final/project_3/project_3.sdk/design_1_wrapper_hw_platform_0/download.bit"
12:49:32 INFO  : Processor reset is completed for microblaze_0
12:51:24 INFO  : Connected to target on host '127.0.0.1' and port '3121'.
12:51:24 INFO  : 'targets -set -filter {jtag_cable_name =~ "Digilent Nexys A7 -100T 210292ABF76CA" && level==0} -index 0' command is executed.
12:51:26 INFO  : FPGA configured successfully with bitstream "H:/simd_final_test/simd_final/project_3/project_3.sdk/design_1_wrapper_hw_platform_0/download.bit"
12:51:47 INFO  : Processor reset is completed for microblaze_1
12:52:04 INFO  : Processor reset is completed for microblaze_0
12:52:56 INFO  : microblaze_0 Processor is in use. Please stop existing Run or Debug sessions before launching.
12:52:58 INFO  : Processor reset is completed for microblaze_0
12:53:37 INFO  : microblaze_0 Processor is in use. Please stop existing Run or Debug sessions before launching.
12:53:39 INFO  : Processor reset is completed for microblaze_0
12:54:17 INFO  : microblaze_0 Processor is in use. Please stop existing Run or Debug sessions before launching.
12:54:18 INFO  : Processor reset is completed for microblaze_0
12:55:24 INFO  : microblaze_0 Processor is in use. Please stop existing Run or Debug sessions before launching.
12:55:27 INFO  : Processor reset is completed for microblaze_0
12:56:16 INFO  : Processor reset is completed for microblaze_0
12:57:01 INFO  : microblaze_0 Processor is in use. Please stop existing Run or Debug sessions before launching.
12:57:03 INFO  : Processor reset is completed for microblaze_0
12:59:04 INFO  : Connected to target on host '127.0.0.1' and port '3121'.
12:59:04 INFO  : 'targets -set -filter {jtag_cable_name =~ "Digilent Nexys A7 -100T 210292ABF76CA" && level==0} -index 0' command is executed.
12:59:06 INFO  : FPGA configured successfully with bitstream "H:/simd_final_test/simd_final/project_3/project_3.sdk/design_1_wrapper_hw_platform_0/download.bit"
12:59:34 INFO  : Processor reset is completed for microblaze_0
13:00:16 INFO  : microblaze_0 Processor is in use. Please stop existing Run or Debug sessions before launching.
13:00:18 INFO  : Processor reset is completed for microblaze_0
13:01:05 INFO  : microblaze_0 Processor is in use. Please stop existing Run or Debug sessions before launching.
13:01:06 INFO  : Processor reset is completed for microblaze_0
13:05:23 INFO  : microblaze_0 Processor is in use. Please stop existing Run or Debug sessions before launching.
13:05:24 INFO  : Processor reset is completed for microblaze_0
13:06:52 INFO  : microblaze_0 Processor is in use. Please stop existing Run or Debug sessions before launching.
13:06:54 INFO  : Processor reset is completed for microblaze_0
13:07:14 INFO  : microblaze_0 Processor is in use. Please stop existing Run or Debug sessions before launching.
13:07:16 INFO  : Processor reset is completed for microblaze_0
13:07:47 INFO  : microblaze_0 Processor is in use. Please stop existing Run or Debug sessions before launching.
13:07:49 INFO  : Processor reset is completed for microblaze_0
13:16:01 INFO  : Processor reset is completed for microblaze_0
13:16:21 INFO  : Processor reset is completed for microblaze_1
13:17:21 INFO  : Processor reset is completed for microblaze_0
13:17:31 INFO  : microblaze_1 Processor is in use. Please stop existing Run or Debug sessions before launching.
13:17:34 INFO  : Processor reset is completed for microblaze_1
13:17:49 INFO  : Processor reset is completed for microblaze_0
13:19:04 INFO  : Processor reset is completed for microblaze_0
13:19:34 INFO  : Processor reset is completed for microblaze_0
13:23:27 ERROR : Unexpected error while parsing XMD response ?: com.google.gson.JsonSyntaxException: com.google.gson.stream.MalformedJsonException: invalid number or unquoted string near 
14:55:51 INFO  : Registering command handlers for SDK TCF services
14:55:51 INFO  : Launching XSCT server: xsct.bat -interactive C:\Users\bawneet\Downloads\simd_final_test\simd_final_test\simd_final\project_3\project_3.sdk\temp_xsdb_launch_script.tcl
14:55:52 INFO  : XSCT server has started successfully.
14:55:52 INFO  : Successfully done setting XSCT server connection channel  
14:55:53 INFO  : Successfully done setting SDK workspace  
14:55:53 INFO  : Processing command line option -hwspec C:/Users/bawneet/Downloads/simd_final_test/simd_final_test/simd_final/project_3/project_3.sdk/design_1_wrapper.hdf.
14:57:36 INFO  : Connected to target on host '127.0.0.1' and port '3121'.
14:57:37 INFO  : 'targets -set -filter {jtag_cable_name =~ "Digilent Nexys A7 -100T 210292ABF76CA" && level==0} -index 0' command is executed.
14:57:40 INFO  : FPGA configured successfully with bitstream "C:/Users/bawneet/Downloads/simd_final_test/simd_final_test/simd_final/project_3/project_3.sdk/design_1_wrapper_hw_platform_0/download.bit"
14:57:54 INFO  : Processor reset is completed for microblaze_1
14:58:09 INFO  : microblaze_1 Processor is in use. Please stop existing Run or Debug sessions before launching.
14:58:10 INFO  : Processor reset is completed for microblaze_1
14:58:37 INFO  : Processor reset is completed for microblaze_0
14:58:42 ERROR : Port COM5 is already in use.
15:11:36 INFO  : Connected to target on host '127.0.0.1' and port '3121'.
15:11:36 INFO  : 'targets -set -filter {jtag_cable_name =~ "Digilent Nexys A7 -100T 210292ABF76CA" && level==0} -index 0' command is executed.
15:11:38 INFO  : FPGA configured successfully with bitstream "C:/Users/bawneet/Downloads/simd_final_test/simd_final_test/simd_final/project_3/project_3.sdk/design_1_wrapper_hw_platform_0/download.bit"
15:12:09 INFO  : microblaze_0 Processor is in use. Please stop existing Run or Debug sessions before launching.
15:12:10 INFO  : Processor reset is completed for microblaze_0
15:12:26 INFO  : Processor reset is completed for microblaze_1
15:12:30 ERROR : Port COM5 is already in use.
15:12:43 INFO  : microblaze_0 Processor is in use. Please stop existing Run or Debug sessions before launching.
15:12:45 INFO  : Processor reset is completed for microblaze_0
15:13:16 INFO  : Processor reset is completed for microblaze_0
15:16:06 INFO  : Processor reset is completed for microblaze_0
15:16:31 INFO  : Processor reset is completed for microblaze_1
15:16:33 ERROR : Port COM5 is already in use.
15:17:26 INFO  : Processor reset is completed for microblaze_0
15:18:20 INFO  : Processor reset is completed for microblaze_1
15:18:32 INFO  : Processor reset is completed for microblaze_0
15:18:34 ERROR : Port COM5 is already in use.
15:24:36 INFO  : Processor reset is completed for microblaze_0
15:24:56 INFO  : Processor reset is completed for microblaze_1
15:25:04 INFO  : microblaze_1 Processor is in use. Please stop existing Run or Debug sessions before launching.
15:25:07 INFO  : Processor reset is completed for microblaze_1
15:25:13 INFO  : microblaze_1 Processor is in use. Please stop existing Run or Debug sessions before launching.
15:25:16 INFO  : Processor reset is completed for microblaze_1
15:25:23 INFO  : Processor reset is completed for microblaze_0
15:25:25 ERROR : Port COM5 is already in use.
15:48:06 INFO  : Processor reset is completed for microblaze_0
15:48:11 ERROR : Port COM5 is already in use.
15:48:16 INFO  : microblaze_1 Processor is in use. Please stop existing Run or Debug sessions before launching.
15:48:19 INFO  : Processor reset is completed for microblaze_1
15:48:34 INFO  : microblaze_0 Processor is in use. Please stop existing Run or Debug sessions before launching.
15:48:36 INFO  : Processor reset is completed for microblaze_0
15:48:39 ERROR : Port COM5 is already in use.
15:49:40 INFO  : Processor reset is completed for microblaze_0
15:49:48 INFO  : microblaze_0 Processor is in use. Please stop existing Run or Debug sessions before launching.
15:49:50 INFO  : Processor reset is completed for microblaze_0
15:50:16 INFO  : Processor reset is completed for microblaze_0
15:50:29 INFO  : microblaze_0 Processor is in use. Please stop existing Run or Debug sessions before launching.
15:50:30 INFO  : Processor reset is completed for microblaze_0
15:53:18 INFO  : Processor reset is completed for microblaze_0
15:54:05 INFO  : Processor reset is completed for microblaze_0
15:54:13 INFO  : microblaze_0 Processor is in use. Please stop existing Run or Debug sessions before launching.
15:54:14 INFO  : Processor reset is completed for microblaze_0
15:55:12 INFO  : Processor reset is completed for microblaze_0
15:55:20 INFO  : microblaze_0 Processor is in use. Please stop existing Run or Debug sessions before launching.
15:55:21 INFO  : Processor reset is completed for microblaze_0
15:56:51 INFO  : Processor reset is completed for microblaze_0
15:57:03 INFO  : microblaze_0 Processor is in use. Please stop existing Run or Debug sessions before launching.
15:57:05 INFO  : Processor reset is completed for microblaze_0
16:13:24 INFO  : Connected to target on host '127.0.0.1' and port '3121'.
16:13:24 INFO  : 'targets -set -filter {jtag_cable_name =~ "Digilent Nexys A7 -100T 210292ABF76CA" && level==0} -index 0' command is executed.
16:13:26 INFO  : FPGA configured successfully with bitstream "C:/Users/bawneet/Downloads/simd_final_test/simd_final_test/simd_final/project_3/project_3.sdk/design_1_wrapper_hw_platform_0/download.bit"
16:13:33 INFO  : Processor reset is completed for microblaze_1
16:13:38 INFO  : Processor reset is completed for microblaze_0
16:13:43 ERROR : Port COM5 is already in use.
16:13:53 INFO  : microblaze_0 Processor is in use. Please stop existing Run or Debug sessions before launching.
16:13:55 INFO  : Processor reset is completed for microblaze_0
16:13:59 ERROR : Port COM5 is already in use.
16:14:06 INFO  : microblaze_0 Processor is in use. Please stop existing Run or Debug sessions before launching.
16:14:07 INFO  : Processor reset is completed for microblaze_0
16:14:10 ERROR : Port COM5 is already in use.
16:16:58 INFO  : Connected to target on host '127.0.0.1' and port '3121'.
16:16:58 INFO  : 'targets -set -filter {jtag_cable_name =~ "Digilent Nexys A7 -100T 210292ABF76CA" && level==0} -index 0' command is executed.
16:17:00 INFO  : FPGA configured successfully with bitstream "C:/Users/bawneet/Downloads/simd_final_test/simd_final_test/simd_final/project_3/project_3.sdk/design_1_wrapper_hw_platform_0/download.bit"
16:17:12 INFO  : Processor reset is completed for microblaze_0
16:17:21 INFO  : Processor reset is completed for microblaze_1
16:17:25 ERROR : Port COM5 is already in use.
16:17:31 INFO  : microblaze_0 Processor is in use. Please stop existing Run or Debug sessions before launching.
16:17:33 INFO  : Processor reset is completed for microblaze_0
16:44:09 INFO  : Processor reset is completed for microblaze_0
16:44:20 INFO  : microblaze_1 Processor is in use. Please stop existing Run or Debug sessions before launching.
16:44:21 INFO  : Processor reset is completed for microblaze_1
16:44:25 ERROR : Port COM5 is already in use.
16:44:47 INFO  : microblaze_0 Processor is in use. Please stop existing Run or Debug sessions before launching.
16:45:15 INFO  : Processor reset is completed for microblaze_0
17:01:04 INFO  : FPGA Cable Disconnected. All active launches will be terminated.
17:01:05 WARN  : Terminating existing sessions on processor microblaze_1
17:09:24 ERROR : Unexpected error while launching program.
com.xilinx.sdk.targetmanager.TMException: Could not detect MDM peripheral on hardware. Please check:
    1. If FPGA is configured correctly
    2. MDM Core is instantiated in the design
    3. If the correct FPGA is referred, in case of multiple FPGAs
    4. If the correct MDM is referred, in case of a multiple MDM system
    

	at com.xilinx.sdk.targetmanager.internal.TM.connectToProcessor(TM.java:484)
	at com.xilinx.sdk.debug.core.XilinxAppLaunchConfigurationDelegate.runTargetSetup(XilinxAppLaunchConfigurationDelegate.java:451)
	at com.xilinx.sdk.debug.core.XilinxAppLaunchConfigurationDelegate.runApplication(XilinxAppLaunchConfigurationDelegate.java:616)
	at com.xilinx.sdk.debug.core.XilinxAppLaunchConfigurationDelegate.launch(XilinxAppLaunchConfigurationDelegate.java:309)
	at com.xilinx.sdk.debug.ui.XilinxAppLaunchDelegateWrapper.launch(XilinxAppLaunchDelegateWrapper.java:31)
	at org.eclipse.debug.internal.core.LaunchConfiguration.launch(LaunchConfiguration.java:885)
	at org.eclipse.debug.internal.core.LaunchConfiguration.launch(LaunchConfiguration.java:739)
	at org.eclipse.debug.internal.ui.DebugUIPlugin.buildAndLaunch(DebugUIPlugin.java:1039)
	at org.eclipse.debug.internal.ui.DebugUIPlugin$8.run(DebugUIPlugin.java:1256)
	at org.eclipse.core.internal.jobs.Worker.run(Worker.java:55)
17:09:48 INFO  : Connected to target on host '127.0.0.1' and port '3121'.
17:09:48 INFO  : 'targets -set -filter {jtag_cable_name =~ "Digilent Nexys A7 -100T 210292ABF76CA" && level==0} -index 0' command is executed.
17:09:50 INFO  : FPGA configured successfully with bitstream "C:/Users/bawneet/Downloads/simd_final_test/simd_final_test/simd_final/project_3/project_3.sdk/design_1_wrapper_hw_platform_0/download.bit"
17:09:58 INFO  : Processor reset is completed for microblaze_0
17:10:05 INFO  : microblaze_0 Processor is in use. Please stop existing Run or Debug sessions before launching.
17:10:06 INFO  : Processor reset is completed for microblaze_0
17:10:20 INFO  : Processor reset is completed for microblaze_1
17:10:23 ERROR : Port COM5 is already in use.
17:11:55 INFO  : Processor reset is completed for microblaze_0
17:12:37 INFO  : Processor reset is completed for microblaze_0
17:35:35 ERROR : Unexpected error while parsing XMD response ?: com.google.gson.JsonSyntaxException: com.google.gson.stream.MalformedJsonException: invalid number or unquoted string near 
